warning: No library characterized for (process = 1.00 voltage = 0.85 temperature = 25.00) can be found in the database for power domain '/PD_TOP'  [NL-174]
Report Power (instances with prefix '*' are included in total) : 
-----+----------------------------------------+--------------------+---------------------+-------------------+-----------------
     | Instance                               | Internal Power(uw) | Switching Power(uw) | Leakage Power(uw) | Total Power(uw) 
-----+----------------------------------------+--------------------+---------------------+-------------------+-----------------
1    |*cla0_i_5                               |            0.662353|             9.230397|           0.014353|         9.907103
2    |*cla0_i_6                               |            0.662353|             9.230397|           0.014353|         9.907103
3    |*cla0_i_7                               |            0.662353|             9.230397|           0.014353|         9.907103
4    |*cla1_i_5                               |            0.939857|             2.734799|           0.014353|         3.689009
5    |*divideByZero_reg                       |            1.422629|             1.705440|           0.079112|         3.207181
6    |*overFlow_reg                           |            2.842760|             3.774295|           0.079112|         6.696167
7    |*clk_gate_Q_reg                         |            2.790849|             0.000000|           0.059138|         2.849987
8    |*Q_reg[14]                              |            2.848011|             6.770256|           0.079112|         9.697378
9    |*Q_reg[12]                              |            1.424026|             1.715423|           0.079112|         3.218562
10   |*Q_reg[11]                              |            1.424025|             1.713473|           0.079112|         3.216610
11   |*Q_reg[10]                              |            1.424008|             1.696317|           0.079112|         3.199437
12   |*Q_reg[9]                               |            1.424007|             1.695277|           0.079112|         3.198396
13   |*Q_reg[8]                               |            1.424008|             1.696317|           0.079112|         3.199437
14   |*Q_reg[7]                               |            1.424025|             1.713472|           0.079112|         3.216609
15   |*Q_reg[6]                               |            1.424004|             1.692679|           0.079112|         3.195796
16   |*Q_reg[5]                               |            1.424022|             1.710745|           0.079112|         3.213879
17   |*Q_reg[4]                               |            1.424023|             1.711784|           0.079112|         3.214919
18   |*Q_reg[3]                               |            1.093128|             1.312529|           0.079112|         2.484769
19   |*Q_reg[2]                               |            1.017941|             1.210000|           0.079112|         2.307053
20   |*Q_reg[1]                               |            2.133921|             2.534981|           0.079112|         4.748014
21   |*Q_reg[0]                               |            2.133923|             2.536540|           0.079112|         4.749575
22   |*clk_gate_A_reg                         |            1.383165|             0.000000|           0.059138|         1.442303
23   |*A_reg[31]                              |            2.826697|            13.841792|           0.079112|        16.747601
24   |*A_reg[30]                              |            2.825499|             5.882323|           0.079112|         8.786934
25   |*A_reg[29]                              |            2.824954|             5.330879|           0.079112|         8.234945
26   |*A_reg[28]                              |            2.825693|             6.204407|           0.079112|         9.109212
27   |*A_reg[27]                              |            2.824817|             5.193739|           0.079112|         8.097669
28   |*A_reg[26]                              |            2.825698|             6.241354|           0.079112|         9.146164
29   |*A_reg[25]                              |            2.825689|             6.172378|           0.079112|         9.077179
30   |*A_reg[24]                              |            2.825185|             5.565289|           0.079112|         8.469586
31   |*A_reg[23]                              |            2.825689|             6.172378|           0.079112|         9.077179
32   |*A_reg[22]                              |            2.825712|             6.346766|           0.079112|         9.251590
33   |*A_reg[21]                              |            2.825682|             6.122153|           0.079112|         9.026948
34   |*A_reg[20]                              |            2.825686|             6.154196|           0.079112|         9.058995
35   |*A_reg[19]                              |            2.825719|             6.402190|           0.079112|         9.307021
36   |*A_reg[18]                              |            2.825021|             5.398907|           0.079112|         8.303040
37   |*A_reg[17]                              |            2.822912|             3.264647|           0.079112|         6.166671
38   |*A_reg[16]                              |            2.823261|             3.618196|           0.079112|         6.520570
39   |*clk_gate_A_reg__15                     |            1.410157|             0.000000|           0.059138|         1.469295
40   |*A_reg[15]                              |            2.786282|             1.630917|           0.079112|         4.496312
41   |*A_reg[14]                              |            2.788942|             1.866312|           0.079112|         4.734366
42   |*A_reg[13]                              |            2.785621|             1.572426|           0.079112|         4.437160
43   |*A_reg[12]                              |            2.794053|             2.318556|           0.079112|         5.191721
44   |*A_reg[11]                              |            2.794099|             2.322622|           0.079112|         5.195834
45   |*A_reg[10]                              |            2.794442|             2.353001|           0.079112|         5.226556
46   |*A_reg[9]                               |            2.802279|             3.449071|           0.079112|         6.330462
47   |*A_reg[8]                               |            2.802008|             3.175127|           0.079112|         6.056248
48   |*A_reg[7]                               |            2.798674|             2.727419|           0.079112|         5.605205
49   |*A_reg[6]                               |            2.802133|             3.301049|           0.079112|         6.182295
50   |*A_reg[5]                               |            2.801928|             3.094184|           0.079112|         5.975225
51   |*A_reg[4]                               |            2.802110|             3.277994|           0.079112|         6.159216
52   |*A_reg[3]                               |            2.801954|             3.119274|           0.079112|         6.000340
53   |*A_reg[2]                               |            2.802018|             3.184834|           0.079112|         6.065965
54   |*A_reg[1]                               |            2.792845|             2.211602|           0.079112|         5.083560
55   |*A_reg[0]                               |            2.802638|             3.812011|           0.079112|         6.693761
56   |*negated_second_operand_number_reg[15]  |            1.399580|             0.382551|           0.079112|         1.861243
57   |*negated_second_operand_number_reg[14]  |            1.420829|             1.383356|           0.079112|         2.883297
58   |*negated_second_operand_number_reg[13]  |            1.421203|             1.416436|           0.079112|         2.916751
59   |*negated_second_operand_number_reg[12]  |            1.420542|             1.357979|           0.079112|         2.857633
60   |*negated_second_operand_number_reg[11]  |            1.421203|             1.416436|           0.079112|         2.916751
61   |*negated_second_operand_number_reg[10]  |            1.420761|             1.377355|           0.079112|         2.877229
62   |*negated_second_operand_number_reg[9]   |            1.420829|             1.383356|           0.079112|         2.883297
63   |*negated_second_operand_number_reg[8]   |            1.420306|             1.337085|           0.079112|         2.836504
64   |*negated_second_operand_number_reg[7]   |            1.420542|             1.357979|           0.079112|         2.857633
65   |*negated_second_operand_number_reg[6]   |            1.420689|             1.370922|           0.079112|         2.870723
66   |*negated_second_operand_number_reg[5]   |            1.420829|             1.383356|           0.079112|         2.883297
67   |*negated_second_operand_number_reg[4]   |            1.420761|             1.377355|           0.079112|         2.877229
68   |*negated_second_operand_number_reg[3]   |            1.420975|             1.396275|           0.079112|         2.896362
69   |*negated_second_operand_number_reg[2]   |            1.420092|             1.318166|           0.079112|         2.817370
70   |*negated_second_operand_number_reg[1]   |            1.423545|             2.631742|           0.079112|         4.134399
71   |*second_operand_number_reg[15]          |            1.399580|             0.382551|           0.079112|         1.861243
72   |*second_operand_number_reg[14]          |            1.420829|             1.383356|           0.079112|         2.883297
73   |*second_operand_number_reg[13]          |            1.420689|             1.370922|           0.079112|         2.870723
74   |*second_operand_number_reg[12]          |            1.420542|             1.357979|           0.079112|         2.857633
75   |*second_operand_number_reg[11]          |            1.420761|             1.377355|           0.079112|         2.877229
76   |*second_operand_number_reg[10]          |            1.415139|             0.879842|           0.079112|         2.374093
77   |*second_operand_number_reg[9]           |            1.420542|             1.357979|           0.079112|         2.857633
78   |*second_operand_number_reg[8]           |            1.420489|             1.353287|           0.079112|         2.852889
79   |*second_operand_number_reg[7]           |            1.420829|             1.383356|           0.079112|         2.883297
80   |*second_operand_number_reg[6]           |            1.420975|             1.396275|           0.079112|         2.896362
81   |*second_operand_number_reg[5]           |            1.420761|             1.377355|           0.079112|         2.877229
82   |*second_operand_number_reg[4]           |            1.420542|             1.357979|           0.079112|         2.857633
83   |*second_operand_number_reg[3]           |            1.420689|             1.370922|           0.079112|         2.870723
84   |*second_operand_number_reg[2]           |            1.420275|             1.334356|           0.079112|         2.833744
85   |*second_operand_number_reg[1]           |            1.423969|             3.108824|           0.079112|         4.611906
86   |*ready_reg                              |            2.848191|             8.141251|           0.079112|        11.068553
87   |*clk_gate_number_of_bits_in_dividend_reg|            1.412435|             0.000000|           0.059138|         1.471573
88   |*number_of_bits_in_dividend_reg[4]      |            2.803130|             5.714269|           0.079112|         8.596511
89   |*number_of_bits_in_dividend_reg[3]      |            2.166220|             1.580559|           0.079112|         3.825891
90   |*number_of_bits_in_dividend_reg[2]      |            2.201237|             1.654555|           0.079112|         3.934904
91   |*number_of_bits_in_dividend_reg[1]      |            2.133837|             2.449681|           0.079112|         4.662630
92   |*number_of_bits_in_dividend_reg[0]      |            2.134599|             3.221915|           0.079112|         5.435627
93   |*sign_reg                               |            1.424566|             7.649671|           0.079112|         9.153349
94   |*clk_gate_divideByZero_reg              |            2.805619|             0.000000|           0.059138|         2.864757
95   |*negated_second_operand_number_reg[0]   |            1.422809|             1.887578|           0.079112|         3.389499
96   |*i_0_0_0                                |            1.576338|             0.549315|           0.036441|         2.162094
97   |*i_0_0_1                                |            0.453674|             0.343014|           0.017393|         0.814082
98   |*i_0_0_2                                |            0.277880|             0.222959|           0.017393|         0.518233
99   |*i_0_0_3                                |            0.763998|             0.856590|           0.036164|         1.656752
100  |*i_0_0_4                                |            0.303001|             0.195455|           0.018105|         0.516561
101  |*i_0_0_5                                |            0.549775|             0.885308|           0.022619|         1.457702
102  |*i_0_0_6                                |            0.271264|             0.175920|           0.018105|         0.465289
103  |*i_0_0_7                                |            0.404309|             0.805366|           0.017393|         1.227068
104  |*i_0_0_8                                |            0.015831|             0.049042|           0.022695|         0.087569
105  |*i_0_0_9                                |            0.064121|             0.159609|           0.024415|         0.248145
106  |*i_0_0_10                               |            0.631085|             0.273027|           0.025066|         0.929178
107  |*i_0_0_11                               |            0.350740|             0.267998|           0.021200|         0.639938
108  |*i_0_0_12                               |            0.339375|             0.261267|           0.021200|         0.621841
109  |*i_0_0_13                               |            0.356137|             0.280353|           0.021200|         0.657690
110  |*i_0_0_14                               |            0.327225|             0.254003|           0.021200|         0.602428
111  |*i_0_0_15                               |            0.357070|             0.281758|           0.021200|         0.660028
112  |*i_0_0_16                               |            0.568018|             0.251917|           0.025066|         0.845002
113  |*i_0_0_17                               |            0.320920|             0.251559|           0.021200|         0.593679
114  |*i_0_0_18                               |            0.355452|             0.279915|           0.021200|         0.656567
115  |*i_0_0_19                               |            0.355577|             0.281278|           0.021200|         0.658054
116  |*i_0_0_20                               |            0.324648|             0.252610|           0.021200|         0.598457
117  |*i_0_0_21                               |            0.323530|             0.251919|           0.021200|         0.596648
118  |*i_0_0_22                               |            0.331975|             0.259481|           0.021200|         0.612655
119  |*i_0_0_23                               |            0.405395|             0.590708|           0.017393|         1.013496
120  |*i_0_0_24                               |            0.407328|             0.260119|           0.022619|         0.690067
121  |*i_0_0_25                               |            0.248129|             0.388166|           0.032612|         0.668907
122  |*i_0_0_26                               |            0.907842|             0.890325|           0.036441|         1.834608
123  |*i_0_0_27                               |            0.522441|             0.789607|           0.022619|         1.334667
124  |*i_0_0_28                               |            0.272119|             0.590068|           0.021200|         0.883386
125  |*i_0_0_29                               |            0.276543|             0.577087|           0.017393|         0.871024
126  |*i_0_0_30                               |            0.907883|             0.866511|           0.036441|         1.810835
127  |*i_0_0_31                               |            0.519238|             0.785070|           0.022619|         1.326927
128  |*i_0_0_32                               |            0.276543|             0.577087|           0.017393|         0.871024
129  |*i_0_0_33                               |            0.272119|             0.590068|           0.021200|         0.883386
130  |*i_0_0_34                               |            0.489172|             0.276664|           0.022619|         0.788456
131  |*i_0_0_35                               |            0.361506|             0.677750|           0.017393|         1.056649
132  |*i_0_0_36                               |            0.796770|             1.780303|           0.036164|         2.613237
133  |*i_0_0_37                               |            0.489153|             0.276664|           0.022619|         0.788437
134  |*i_0_0_38                               |            0.340095|             0.677750|           0.017393|         1.035238
135  |*i_0_0_39                               |            0.803179|             1.639416|           0.036164|         2.478759
136  |*i_0_0_40                               |            0.286861|             0.534170|           0.017393|         0.838424
137  |*i_0_0_41                               |            0.305891|             0.506319|           0.017393|         0.829603
138  |*i_0_0_42                               |            0.483203|             0.276679|           0.022619|         0.782501
139  |*i_0_0_43                               |            0.351386|             0.677750|           0.017393|         1.046530
140  |*i_0_0_44                               |            0.618817|             1.691149|           0.022039|         2.332005
141  |*i_0_0_45                               |            0.420364|             0.581858|           0.022039|         1.024261
142  |*i_0_0_46                               |            0.286973|             0.319744|           0.014353|         0.621070
143  |*i_0_0_47                               |            0.762620|             4.669217|           0.041741|         5.473577
144  |*i_0_0_48                               |            0.000418|             0.000663|           0.021200|         0.022280
145  |*i_0_0_49                               |            0.767644|             1.505077|           0.036164|         2.308885
146  |*i_0_0_50                               |            0.261071|             0.455073|           0.017393|         0.733538
147  |*i_0_0_51                               |            0.677978|             0.350462|           0.022039|         1.050479
148  |*i_0_0_52                               |            0.439410|             0.721004|           0.032612|         1.193026
149  |*i_0_0_53                               |            0.668515|             0.664595|           0.025066|         1.358177
150  |*i_0_0_54                               |            0.339379|             0.648883|           0.017393|         1.005656
151  |*i_0_0_55                               |            0.599286|             1.632162|           0.022039|         2.253487
152  |*i_0_0_56                               |            0.463384|             0.610008|           0.022039|         1.095431
153  |*i_0_0_60                               |            0.693088|             0.360341|           0.022039|         1.075468
154  |*i_0_0_61                               |            1.153611|             0.869134|           0.047399|         2.070143
155  |*i_0_0_62                               |            0.069827|             0.107089|           0.018105|         0.195021
156  |*i_0_0_57                               |            0.747460|             0.928392|           0.036441|         1.712293
157  |*i_0_0_64                               |            0.844424|             0.372103|           0.033938|         1.250465
158  |*i_0_0_65                               |            0.787999|             0.641905|           0.041741|         1.471645
159  |*i_0_0_58                               |            0.746831|             1.236672|           0.036164|         2.019666
160  |*i_0_0_59                               |            0.335607|             0.422217|           0.022619|         0.780444
161  |*i_0_0_68                               |            0.824053|             1.795914|           0.032612|         2.652579
162  |*i_0_0_69                               |            0.084560|             0.118365|           0.021200|         0.224125
163  |*i_0_0_70                               |            0.706688|             0.366402|           0.022039|         1.095129
164  |*i_0_0_71                               |            0.304794|             0.648883|           0.017393|         0.971071
165  |*i_0_0_63                               |            0.616521|             1.673655|           0.022039|         2.312216
166  |*i_0_0_66                               |            0.377041|             0.572009|           0.018105|         0.967155
167  |*i_0_0_74                               |            0.456556|             0.787716|           0.027858|         1.272131
168  |*i_0_0_75                               |            0.291790|             0.380157|           0.034026|         0.705973
169  |*i_0_0_76                               |            0.809548|             2.175888|           0.032612|         3.018048
170  |*i_0_0_77                               |            0.898254|             0.378018|           0.033938|         1.310210
171  |*i_0_0_67                               |            0.607711|             1.428459|           0.022039|         2.058209
172  |*i_0_0_72                               |            0.403242|             0.593866|           0.018105|         1.015213
173  |*i_0_0_80                               |            0.766713|             0.650345|           0.041741|         1.458800
174  |*i_0_0_81                               |            0.117189|             0.176220|           0.021200|         0.314609
175  |*i_0_0_82                               |            0.915681|             2.594361|           0.032612|         3.542654
176  |*i_0_0_83                               |            0.636722|             0.363674|           0.022619|         1.023015
177  |*i_0_0_84                               |            0.607168|             0.897496|           0.027858|         1.532523
178  |*i_0_0_85                               |            0.578465|             0.859594|           0.022619|         1.460678
179  |*i_0_0_86                               |            0.724955|             0.841089|           0.032612|         1.598656
180  |*i_0_0_87                               |            0.928799|             2.184067|           0.032612|         3.145478
181  |*i_0_0_88                               |            0.529570|             4.325812|           0.021200|         4.876583
182  |*i_0_0_73                               |            0.752933|             1.453714|           0.036164|         2.242811
183  |*i_0_0_78                               |            0.255674|             0.432844|           0.017393|         0.705912
184  |*i_0_0_91                               |            0.777094|             0.376600|           0.022039|         1.175733
185  |*i_0_0_92                               |            0.131358|             0.289680|           0.017393|         0.438431
186  |*i_0_0_93                               |            1.072074|             0.920494|           0.047399|         2.039967
187  |*i_0_0_94                               |            1.674527|             2.432871|           0.035928|         4.143326
188  |*i_0_0_95                               |            0.900699|             2.095398|           0.022619|         3.018717
189  |*i_0_0_96                               |            0.675132|             1.013111|           0.017393|         1.705637
190  |*i_0_0_79                               |            0.747555|             1.450061|           0.036164|         2.233780
191  |*i_0_0_98                               |            0.868409|             0.386096|           0.033938|         1.288443
192  |*i_0_0_89                               |            1.055971|             0.663979|           0.047399|         1.767349
193  |*i_0_0_90                               |            1.684609|             2.344662|           0.035928|         4.065200
194  |*i_0_0_97                               |            1.682531|             2.126206|           0.035928|         3.844666
195  |*i_0_0_99                               |            1.796833|             5.023464|           0.036441|         6.856739
196  |*i_0_0_100                              |            0.861549|             0.976655|           0.017393|         1.855597
197  |*i_0_0_101                              |            0.874916|             1.377989|           0.036441|         2.289346
198  |*i_0_0_102                              |            0.289567|             0.539339|           0.017393|         0.846299
199  |*i_0_0_103                              |            0.281737|             0.565874|           0.017393|         0.865004
200  |*i_0_0_104                              |            0.337814|             0.885705|           0.022619|         1.246138
201  |*i_0_0_105                              |            0.112605|             0.338082|           0.022695|         0.473382
202  |*i_0_0_106                              |            0.209334|             0.562562|           0.022695|         0.794591
203  |*i_0_0_107                              |            0.190702|             0.610178|           0.017393|         0.818273
204  |*i_0_0_108                              |            0.361396|             0.678304|           0.021200|         1.060900
205  |*i_0_0_109                              |            0.256956|             0.901957|           0.017393|         1.176307
206  |*i_0_0_110                              |            0.063238|             0.173121|           0.024415|         0.260773
207  |*i_0_0_111                              |            0.236599|             0.792742|           0.024415|         1.053756
208  |*i_0_0_112                              |            0.671354|             1.787414|           0.022695|         2.481463
209  |*i_0_0_116                              |            0.930597|             0.384453|           0.033938|         1.348988
210  |*i_0_0_117                              |            0.885720|             2.014518|           0.027858|         2.928097
211  |*i_0_0_118                              |            0.554110|             1.112844|           0.021200|         1.688153
212  |*i_0_0_119                              |            1.677660|             2.059791|           0.035928|         3.773380
213  |*i_0_0_120                              |            1.686701|             4.651566|           0.036441|         6.374708
214  |*i_0_0_121                              |            0.878145|             1.220818|           0.017393|         2.116356
215  |*i_0_0_122                              |            0.879113|             0.622956|           0.041741|         1.543810
216  |*i_0_0_123                              |            0.930592|             0.384454|           0.033938|         1.348983
217  |*i_0_0_124                              |            0.885417|             1.975057|           0.027858|         2.888333
218  |*i_0_0_125                              |            0.554110|             1.112844|           0.021200|         1.688153
219  |*i_0_0_113                              |            1.677864|             2.059791|           0.035928|         3.773584
220  |*i_0_0_114                              |            1.637775|             4.617109|           0.036441|         6.291325
221  |*i_0_0_115                              |            1.141899|             1.302564|           0.022619|         2.467083
222  |*i_0_0_129                              |            0.878131|             0.622956|           0.041741|         1.542828
223  |*i_0_0_126                              |            0.001868|             0.042403|           0.017393|         0.061664
224  |*i_0_0_127                              |            0.002713|             0.013486|           0.026832|         0.043031
225  |*i_0_0_132                              |            0.908496|             0.384591|           0.033938|         1.327024
226  |*i_0_0_133                              |            0.720946|             0.617168|           0.032612|         1.370727
227  |*i_0_0_134                              |            0.881943|             1.975057|           0.027858|         2.884859
228  |*i_0_0_135                              |            0.558136|             1.112844|           0.021200|         1.692180
229  |*i_0_0_136                              |            0.913078|             2.888918|           0.022619|         3.824615
230  |*i_0_0_137                              |            0.497324|             1.013111|           0.017393|         1.527828
231  |*i_0_0_138                              |            0.475445|             2.783672|           0.014353|         3.273470
232  |*i_0_0_139                              |            1.579566|             9.240438|           0.036441|        10.856445
233  |*i_0_0_140                              |            1.075583|             1.297119|           0.017393|         2.390095
234  |*i_0_0_141                              |            0.697434|             0.345863|           0.022039|         1.065336
235  |*i_0_0_128                              |            0.862671|             0.720608|           0.041741|         1.625020
236  |*i_0_0_130                              |            0.000205|             0.000130|           0.027025|         0.027360
237  |*i_0_0_131                              |            0.749861|            11.146719|           0.027858|        11.924438
238  |*i_0_0_142                              |            0.349729|             0.378549|           0.033938|         0.762216
239  |*i_0_0_143                              |            1.611843|             3.478714|           0.036441|         5.126998
240  |*i_0_0_144                              |            1.184678|             1.302186|           0.017393|         2.504257
241  |*i_0_0_145                              |            1.684758|             2.388475|           0.035928|         4.109162
242  |*i_0_0_146                              |            1.626852|             2.673498|           0.036441|         4.336791
243  |*i_0_0_147                              |            1.158838|             1.301888|           0.017393|         2.478120
244  |*i_0_0_148                              |            1.623023|             1.564652|           0.036441|         3.224117
245  |*i_0_0_149                              |            1.326400|             1.323239|           0.022619|         2.672259
246  |*i_0_0_153                              |            0.542003|             4.061385|           0.018127|         4.621515
247  |*i_0_0_150                              |            0.334656|             1.468836|           0.026832|         1.830324
248  |*i_0_0_155                              |            0.452201|             4.745507|           0.018105|         5.215813
249  |*i_0_0_151                              |            0.332506|             2.373500|           0.021200|         2.727206
250  |*i_0_0_152                              |            0.319158|             1.244878|           0.017393|         1.581429
251  |*i_0_0_154                              |            0.575058|             2.355314|           0.017393|         2.947766
252  |*i_0_0_156                              |            0.475264|             4.243876|           0.014353|         4.733493
253  |*i_0_0_157                              |            1.545140|            10.812537|           0.036441|        12.394118
254  |*i_0_0_161                              |            1.088419|             2.367645|           0.034566|         3.490629
255  |*i_0_0_162                              |            0.278555|             0.415473|           0.021200|         0.715228
256  |*i_0_0_158                              |            0.497273|             1.755988|           0.017393|         2.270654
257  |*i_0_0_159                              |            0.534475|             6.863050|           0.021200|         7.418725
258  |*i_0_0_165                              |            0.558519|             0.754649|           0.021200|         1.334368
259  |*i_0_0_166                              |            0.473282|             1.457717|           0.014353|         1.945352
260  |*i_0_0_160                              |            1.556051|             9.488664|           0.036441|        11.081156
261  |*i_0_0_163                              |            1.310774|             1.323159|           0.022619|         2.656553
262  |*i_0_0_169                              |            1.476064|             2.464166|           0.036441|         3.976671
263  |*i_0_0_170                              |            0.807205|             1.302206|           0.021200|         2.130610
264  |*i_0_0_164                              |            0.002334|             0.004594|           0.026832|         0.033761
265  |*i_0_0_172                              |            0.908517|             2.888918|           0.022619|         3.820055
266  |*i_0_0_173                              |            0.498113|             1.013111|           0.017393|         1.528617
267  |*i_0_0_174                              |            0.473031|             1.363718|           0.014353|         1.851101
268  |*i_0_0_167                              |            1.566820|             9.447441|           0.036441|        11.050702
269  |*i_0_0_168                              |            1.128051|             1.300934|           0.017393|         2.446379
270  |*i_0_0_177                              |            1.626404|             2.395072|           0.036441|         4.057917
271  |*i_0_0_178                              |            1.189255|             1.302201|           0.017393|         2.508849
272  |*i_0_0_171                              |            0.012429|             0.032851|           0.022695|         0.067975
273  |*i_0_0_175                              |            0.025487|             0.034032|           0.024415|         0.083934
274  |*i_0_0_176                              |            0.095640|             0.222364|           0.022695|         0.340699
275  |*i_0_0_179                              |            0.181585|             0.261482|           0.022695|         0.465762
276  |*i_0_0_180                              |            0.363012|             0.512480|           0.024415|         0.899906
277  |*i_0_0_181                              |            1.176616|             2.710726|           0.022695|         3.910037
278  |*i_0_0_182                              |            1.451271|            16.178478|           0.036441|        17.666191
279  |*i_0_0_183                              |            0.789889|             1.166880|           0.022619|         1.979389
280  |*i_0_0_184                              |            0.474449|             7.354406|           0.014353|         7.843208
281  |*i_0_0_185                              |            1.253711|            20.808661|           0.036441|        22.098814
282  |*i_0_0_186                              |            1.633880|             1.302761|           0.036441|         2.973082
283  |*i_0_0_187                              |            0.669086|             1.043649|           0.017393|         1.730129
284  |*i_0_0_188                              |            0.658021|             1.909696|           0.021200|         2.588916
285  |*i_0_0_192                              |            0.311788|             0.250841|           0.014353|         0.576982
286  |*i_0_0_193                              |            0.689681|             3.656727|           0.032612|         4.379020
287  |*i_0_0_194                              |            0.757622|             0.689049|           0.036164|         1.482835
288  |*i_0_0_195                              |            0.320126|             0.257549|           0.014353|         0.592028
289  |*i_0_0_196                              |            0.390926|             3.754520|           0.032612|         4.178058
290  |*i_0_0_197                              |            0.962448|             0.963157|           0.036441|         1.962046
291  |*i_0_0_198                              |            1.048840|             0.810823|           0.036441|         1.896104
292  |*i_0_0_199                              |            0.505393|             0.640128|           0.027858|         1.173379
293  |*i_0_0_200                              |            0.296403|             0.570829|           0.021200|         0.888432
294  |*i_0_0_201                              |            0.321429|             0.258597|           0.014353|         0.594380
295  |*i_0_0_202                              |            0.447926|             3.769804|           0.032612|         4.250342
296  |*i_0_0_203                              |            1.024779|             0.940857|           0.036441|         2.002077
297  |*i_0_0_204                              |            0.556477|             0.823646|           0.027858|         1.407981
298  |*i_0_0_205                              |            0.317821|             0.647268|           0.021200|         0.986289
299  |*i_0_0_189                              |            0.776016|             0.796886|           0.036441|         1.609343
300  |*i_0_0_207                              |            0.883458|             0.784342|           0.036164|         1.703964
301  |*i_0_0_190                              |            0.416163|             0.263529|           0.022619|         0.702312
302  |*i_0_0_191                              |            0.271273|             0.405937|           0.032612|         0.709822
303  |*i_0_0_206                              |            0.821550|             0.826666|           0.036441|         1.684657
304  |*i_0_0_208                              |            0.723270|             0.649684|           0.036441|         1.409395
305  |*i_0_0_209                              |            0.821898|             0.807797|           0.036441|         1.666136
306  |*i_0_0_210                              |            0.736289|             0.649407|           0.036164|         1.421860
307  |*i_0_0_211                              |            0.422172|             0.266878|           0.022619|         0.711670
308  |*i_0_0_212                              |            0.287110|             0.419656|           0.032612|         0.739378
309  |*i_0_0_213                              |            0.855154|             0.828711|           0.036441|         1.720306
310  |*i_0_0_214                              |            0.736249|             0.649407|           0.036164|         1.421821
311  |*i_0_0_215                              |            0.840620|             0.810987|           0.036441|         1.688048
312  |*i_0_0_216                              |            0.723234|             0.649684|           0.036441|         1.409359
313  |*i_0_0_217                              |            0.422232|             0.266928|           0.022619|         0.711780
314  |*i_0_0_218                              |            0.287153|             0.419784|           0.032612|         0.739550
315  |*i_0_0_219                              |            0.839634|             0.830964|           0.036441|         1.707039
316  |*i_0_0_220                              |            0.723234|             0.649684|           0.036441|         1.409359
317  |*i_0_0_221                              |            0.848137|             0.811597|           0.036441|         1.696175
318  |*i_0_0_222                              |            0.723252|             0.649684|           0.036441|         1.409377
319  |*i_0_0_226                              |            0.422234|             0.266929|           0.022619|         0.711783
320  |*i_0_0_227                              |            0.287155|             0.419787|           0.032612|         0.739554
321  |*i_0_0_228                              |            0.829249|             0.811587|           0.036441|         1.677277
322  |*i_0_0_229                              |            0.736289|             0.649407|           0.036164|         1.421860
323  |*i_0_0_230                              |            0.847682|             0.831021|           0.036441|         1.715144
324  |*i_0_0_231                              |            0.723270|             0.649684|           0.036441|         1.409395
325  |*i_0_0_232                              |            0.416205|             0.263671|           0.022619|         0.702496
326  |*i_0_0_233                              |            0.271339|             0.406120|           0.032612|         0.710071
327  |*i_0_0_234                              |            0.844517|             0.812233|           0.036441|         1.693191
328  |*i_0_0_235                              |            0.723252|             0.649684|           0.036441|         1.409377
329  |*i_0_0_236                              |            0.855851|             0.830128|           0.036441|         1.722420
330  |*i_0_0_237                              |            0.736249|             0.649407|           0.036164|         1.421821
331  |*i_0_0_238                              |            0.322576|             0.259520|           0.014353|         0.596450
332  |*i_0_0_239                              |            0.449206|             3.783255|           0.032612|         4.265073
333  |*i_0_0_240                              |            0.990204|             0.952334|           0.036441|         1.978979
334  |*i_0_0_241                              |            0.568635|             0.845622|           0.027858|         1.442116
335  |*i_0_0_242                              |            0.330125|             0.666811|           0.021200|         1.018136
336  |*i_0_0_243                              |            0.887997|             0.879754|           0.036441|         1.804192
337  |*i_0_0_244                              |            0.923744|             0.869812|           0.036164|         1.829720
338  |*i_0_0_245                              |            0.422252|             0.266919|           0.022619|         0.711791
339  |*i_0_0_246                              |            0.287561|             0.419799|           0.032612|         0.739972
340  |*i_0_0_247                              |            0.846058|             0.831228|           0.036441|         1.713727
341  |*i_0_0_248                              |            0.736249|             0.649407|           0.036164|         1.421821
342  |*i_0_0_249                              |            0.857573|             0.810833|           0.036441|         1.704847
343  |*i_0_0_250                              |            0.723252|             0.649684|           0.036441|         1.409377
344  |*i_0_0_251                              |            0.416200|             0.263661|           0.022619|         0.702480
345  |*i_0_0_252                              |            0.271334|             0.406104|           0.032612|         0.710049
346  |*i_0_0_253                              |            0.822631|             0.829832|           0.036441|         1.688904
347  |*i_0_0_254                              |            0.723234|             0.649684|           0.036441|         1.409359
348  |*i_0_0_255                              |            0.834759|             0.811956|           0.036441|         1.683156
349  |*i_0_0_256                              |            0.734835|             0.649407|           0.036164|         1.420406
350  |*i_0_0_257                              |            0.416384|             0.263527|           0.022619|         0.702531
351  |*i_0_0_258                              |            0.271798|             0.406187|           0.032612|         0.710597
352  |*i_0_0_259                              |            0.836760|             0.831415|           0.036441|         1.704616
353  |*i_0_0_260                              |            0.768944|             0.649684|           0.036441|         1.455069
354  |*i_0_0_261                              |            0.846312|             0.803020|           0.036441|         1.685773
355  |*i_0_0_262                              |            0.768863|             0.649684|           0.036441|         1.454988
356  |*i_0_0_263                              |            0.227389|             0.253356|           0.014353|         0.495098
357  |*i_0_0_264                              |            0.628336|             3.697762|           0.047399|         4.373497
358  |*i_0_0_223                              |            0.852136|             0.532846|           0.036441|         1.421423
359  |*i_0_0_224                              |            0.736249|             0.649407|           0.036164|         1.421821
360  |*i_0_0_225                              |            0.850599|             0.563030|           0.036441|         1.450069
361  |*i_0_0_265                              |            0.736249|             0.649407|           0.036164|         1.421821
362  |*i_0_0_266                              |            0.416251|             0.263676|           0.022619|         0.702546
363  |*i_0_0_267                              |            0.271360|             0.406177|           0.032612|         0.710148
364  |*i_0_0_268                              |            0.839392|             0.811427|           0.036441|         1.687260
365  |*i_0_0_269                              |            0.781169|             0.649407|           0.036164|         1.466740
366  |*i_0_0_270                              |            0.034918|             1.050325|           0.021200|         1.106442
367  |*i_0_0_271                              |            0.832141|             0.831209|           0.036441|         1.699791
368  |*i_0_0_272                              |            0.771201|             0.649684|           0.036441|         1.457326
369  |*i_0_0_276                              |            0.544779|             0.271315|           0.034026|         0.850120
370  |*i_0_0_273                              |            0.848948|             0.831733|           0.036441|         1.717122
371  |*i_0_0_274                              |            0.723252|             0.649684|           0.036441|         1.409377
372  |*i_0_0_275                              |            0.589127|             1.519473|           0.022619|         2.131219
373  |*i_0_0_277                              |            0.340454|             0.774244|           0.014353|         1.129051
374  |*i_0_0_278                              |            0.557027|             4.411035|           0.027858|         4.995921
375  |*i_0_0_279                              |            0.521144|             1.491206|           0.022619|         2.034970
376  |*i_0_0_280                              |            0.271914|             0.590068|           0.021200|         0.883181
377  |*i_0_0_281                              |            0.276250|             0.577087|           0.017393|         0.870731
378  |*i_0_0_282                              |            0.567412|             1.469136|           0.022619|         2.059167
379  |*i_0_0_283                              |            0.375571|             0.766639|           0.017393|         1.159603
380  |*i_0_0_284                              |            0.501768|             1.341905|           0.022619|         1.866292
381  |*i_0_0_285                              |            0.259897|             0.591044|           0.014353|         0.865293
382  |*i_0_0_286                              |            0.382878|             3.367303|           0.027858|         3.778039
383  |*i_0_0_287                              |            0.537420|             2.369864|           0.027858|         2.935142
384  |*i_0_0_288                              |            0.271890|             0.570829|           0.021200|         0.863919
385  |*i_0_0_289                              |            0.276265|             0.588598|           0.017393|         0.882256
386  |*i_0_0_290                              |            0.578758|             1.562202|           0.022619|         2.163580
387  |*i_0_0_291                              |            0.335788|             0.763631|           0.014353|         1.113772
388  |*i_0_0_292                              |            0.537464|             4.350572|           0.027858|         4.915895
389  |*i_0_0_293                              |            0.524345|             1.564501|           0.022619|         2.111466
390  |*i_0_0_294                              |            0.272119|             0.590068|           0.021200|         0.883386
391  |*i_0_0_295                              |            0.276543|             0.577087|           0.017393|         0.871024
392  |*i_0_0_296                              |            0.578387|             1.528062|           0.022619|         2.129069
393  |*i_0_0_297                              |            0.333561|             0.758567|           0.014353|         1.106481
394  |*i_0_0_298                              |            0.534143|             4.321719|           0.027858|         4.883720
395  |*i_0_0_302                              |            0.412830|             1.485364|           0.017393|         1.915587
396  |*i_0_0_303                              |            0.541585|             0.777156|           0.022619|         1.341361
397  |*i_0_0_299                              |            0.523403|             1.508339|           0.022619|         2.054361
398  |*i_0_0_300                              |            0.271914|             0.590068|           0.021200|         0.883181
399  |*i_0_0_301                              |            0.276250|             0.577087|           0.017393|         0.870731
400  |*i_0_0_307                              |            0.276413|             0.548810|           0.017393|         0.842616
401  |*i_0_0_304                              |            0.565714|             1.492590|           0.022619|         2.080923
402  |*i_0_0_305                              |            0.345533|             0.785794|           0.014353|         1.145680
403  |*i_0_0_306                              |            0.551202|             4.476838|           0.027858|         5.055899
404  |*i_0_0_308                              |            0.390622|             1.424235|           0.017393|         1.832250
405  |*i_0_0_309                              |            0.445891|             0.613670|           0.022619|         1.082180
406  |*i_0_0_310                              |            0.487521|             1.312848|           0.027858|         1.828228
407  |*i_0_0_311                              |            0.344613|             0.548810|           0.017393|         0.910816
408  |*i_0_0_312                              |            0.340455|             0.568383|           0.017393|         0.926232
409  |*i_0_0_313                              |            0.331984|             4.930196|           0.017393|         5.279574
410  |*i_0_0_314                              |            0.346109|             3.479637|           0.021200|         3.846946
411  |*i_0_0_318                              |            0.941366|             0.913255|           0.036441|         1.891062
412  |*i_0_0_315                              |            0.552355|             1.639163|           0.022619|         2.214137
413  |*i_0_0_316                              |            0.369658|             0.840657|           0.014353|         1.224668
414  |*i_0_0_317                              |            0.585092|             4.789404|           0.027858|         5.402355
415  |*i_0_0_319                              |            0.515567|             2.376285|           0.027858|         2.919711
416  |*i_0_0_320                              |            0.271890|             0.570829|           0.021200|         0.863919
417  |*i_0_0_321                              |            0.550510|             1.551126|           0.022619|         2.124255
418  |*i_0_0_322                              |            0.363208|             0.825989|           0.014353|         1.203549
419  |*i_0_0_323                              |            0.572545|             4.705835|           0.027858|         5.306239
420  |*i_0_0_324                              |            0.276293|             0.609998|           0.017393|         0.903685
421  |*i_0_0_325                              |            0.417147|             2.364154|           0.017393|         2.798694
422  |*i_0_0_326                              |            0.512626|             0.733743|           0.022619|         1.268989
423  |*i_0_0_327                              |            0.523175|             1.492584|           0.027858|         2.043618
424  |*i_0_0_328                              |            0.272099|             0.570829|           0.021200|         0.864128
425  |*i_0_0_329                              |            0.276555|             0.588598|           0.017393|         0.882546
426  |*i_0_0_330                              |            0.276413|             0.548810|           0.017393|         0.842616
427  |*i_0_0_331                              |            0.572245|             1.541056|           0.022619|         2.135921
428  |*i_0_0_332                              |            0.355324|             0.808059|           0.014353|         1.177736
429  |*i_0_0_333                              |            0.568000|             4.603687|           0.027858|         5.199545
430  |*i_0_0_334                              |            0.525559|             1.591114|           0.027858|         2.144531
431  |*i_0_0_338                              |            0.276265|             0.588598|           0.017393|         0.882256
432  |*i_0_0_339                              |            0.271890|             0.570829|           0.021200|         0.863919
433  |*i_0_0_340                              |            0.574114|             1.546222|           0.022619|         2.142955
434  |*i_0_0_341                              |            0.352284|             0.801146|           0.014353|         1.167783
435  |*i_0_0_342                              |            0.563449|             4.564301|           0.027858|         5.155608
436  |*i_0_0_343                              |            0.509107|             1.493690|           0.027858|         2.030655
437  |*i_0_0_344                              |            0.272099|             0.570829|           0.021200|         0.864128
438  |*i_0_0_335                              |            0.574272|             1.521953|           0.022619|         2.118845
439  |*i_0_0_336                              |            0.381529|             0.772946|           0.017393|         1.171868
440  |*i_0_0_337                              |            0.276436|             0.568383|           0.017393|         0.862212
441  |*i_0_0_348                              |            0.276577|             0.609998|           0.017393|         0.903968
442  |*i_0_0_345                              |            0.554529|             1.453509|           0.027858|         2.035897
443  |*i_0_0_346                              |            0.305917|             0.717852|           0.014353|         1.038122
444  |*i_0_0_347                              |            0.512965|             4.134793|           0.022619|         4.670378
445  |*i_0_0_349                              |            0.390660|             1.432801|           0.017393|         1.840855
446  |*i_0_0_350                              |            0.445874|             0.613670|           0.022619|         1.082163
447  |*i_0_0_351                              |            0.487345|             1.350467|           0.027858|         1.865671
448  |*i_0_0_352                              |            0.248945|             0.776300|           0.018105|         1.043349
449  |*i_0_0_353                              |            0.573079|             1.676262|           0.027858|         2.277199
450  |*i_0_0_357                              |            0.317194|             0.540042|           0.017393|         0.874630
451  |*i_0_0_354                              |            0.344412|             0.548810|           0.017393|         0.910615
452  |*i_0_0_359                              |            0.723284|             0.561131|           0.036441|         1.320856
453  |*i_0_0_355                              |            0.335545|             3.521564|           0.017393|         3.874502
454  |*i_0_0_356                              |            0.332877|             4.824325|           0.021200|         5.178401
455  |*i_0_0_358                              |            0.315387|             1.921740|           0.014353|         2.251480
456  |*i_0_0_360                              |            0.894832|            23.949892|           0.025066|        24.869789
457  |*i_0_0_364                              |            0.081211|             0.042729|           0.022619|         0.146559
458  |*i_0_0_365                              |            0.027811|             0.021557|           0.017393|         0.066761
459  |*i_0_0_361                              |            0.042999|             0.307566|           0.014353|         0.364918
460  |*i_0_0_362                              |            0.072646|             0.962623|           0.021200|         1.056468
461  |*i_0_0_368                              |            0.667107|             0.324707|           0.022619|         1.014434
462  |*i_0_0_369                              |            0.418030|             0.401901|           0.021200|         0.841131
463  |*i_0_0_370                              |            0.633482|             0.603623|           0.022619|         1.259725
464  |*i_0_0_363                              |            0.191119|             1.888455|           0.032601|         2.112175
465  |*i_0_0_366                              |            0.125356|             0.381675|           0.022695|         0.529726
466  |*i_0_0_367                              |            0.165555|             0.557141|           0.018105|         0.740801
467  |*i_0_0_371                              |            0.763217|             0.817380|           0.026481|         1.607079
468  |*i_0_0_372                              |            0.977352|             0.535240|           0.027858|         1.540451
469  |*i_0_0_373                              |            1.369643|             0.549130|           0.036441|         1.955215
470  |*i_0_0_374                              |            1.225639|             0.542712|           0.025066|         1.793418
471  |*i_0_0_375                              |            0.818710|             0.781158|           0.022619|         1.622488
472  |*i_0_0_381                              |            1.211121|             0.527261|           0.036164|         1.774546
473  |*i_0_0_382                              |            0.984408|             0.524438|           0.036441|         1.545287
474  |*i_0_0_383                              |            0.936739|             0.529242|           0.036441|         1.502422
475  |*i_0_0_384                              |            0.897564|             0.533667|           0.036164|         1.467394
476  |*i_0_0_385                              |            0.829888|             0.534486|           0.036164|         1.400538
477  |*i_0_0_386                              |            0.774474|             0.533844|           0.036164|         1.344481
478  |*i_0_0_387                              |            1.509153|             0.529684|           0.036164|         2.075001
479  |*i_0_0_388                              |            1.471804|             0.529406|           0.036164|         2.037373
480  |*i_0_0_377                              |            0.255442|             0.512254|           0.017393|         0.785090
481  |*i_0_0_378                              |            0.120985|             0.250730|           0.017393|         0.389108
482  |*i_0_0_379                              |            1.652662|             1.440086|           0.035928|         3.128677
483  |*i_0_0_409                              |            0.266046|             0.529317|           0.021200|         0.816562
484  |*i_0_0_380                              |            0.679650|             1.367984|           0.021200|         2.068833
485  |*i_0_0_391                              |            0.185757|             0.335915|           0.017393|         0.539066
486  |*i_0_0_395                              |            0.109242|             0.219698|           0.017393|         0.346334
487  |*i_0_0_396                              |            0.172524|             0.312826|           0.017393|         0.502743
488  |*i_0_0_397                              |            0.186491|             0.355100|           0.017393|         0.558985
489  |*i_0_0_398                              |            0.922605|             2.577843|           0.034026|         3.534474
490  |*i_0_0_399                              |            1.492265|             9.153358|           0.033938|        10.679561
491  |*i_0_0_400                              |            0.173690|             0.241392|           0.017393|         0.432475
492  |*i_0_0_401                              |            0.909796|             2.486908|           0.034026|         3.430731
493  |*i_0_0_402                              |            1.661277|             2.383503|           0.035928|         4.080709
494  |*i_0_0_403                              |            0.979199|             2.041461|           0.022619|         3.043278
495  |*i_0_0_404                              |            0.485908|             0.996556|           0.017393|         1.499857
496  |*i_0_0_405                              |            1.701735|             2.954948|           0.035928|         4.692612
497  |*i_0_0_406                              |            1.673540|             2.071255|           0.035928|         3.780724
498  |*i_0_0_407                              |            0.870157|             0.843478|           0.017393|         1.731029
499  |*i_0_0_408                              |            0.878342|             1.220818|           0.017393|         2.116553
500  |*i_0_0_410                              |            3.400569|             8.731595|           0.035928|        12.168092
501  |*i_0_0_411                              |            1.638631|             1.223908|           0.035928|         2.898468
502  |*i_0_0_412                              |            0.997569|             1.207142|           0.017393|         2.222104
503  |*i_0_0_413                              |            3.336365|             7.858696|           0.035928|        11.230989
504  |*i_0_0_414                              |            1.218571|             1.141196|           0.022619|         2.382387
505  |*i_0_0_415                              |            3.411754|             9.360154|           0.035928|        12.807836
506  |*i_0_0_416                              |            3.145260|             1.223908|           0.035928|         4.405097
507  |*i_0_0_417                              |            1.624886|             2.630584|           0.036164|         4.291634
508  |*i_0_0_418                              |            1.131550|             1.225105|           0.017393|         2.374049
509  |*i_0_0_419                              |            3.386475|             1.367468|           0.014353|         4.768297
510  |*i_0_0_420                              |            3.331741|             8.877018|           0.035928|        12.244687
511  |*i_0_0_421                              |            3.138475|             1.245257|           0.035928|         4.419661
512  |*i_0_0_422                              |            1.627612|             2.997327|           0.036164|         4.661102
513  |*i_0_0_423                              |            1.162797|             1.226004|           0.017393|         2.406194
514  |*i_0_0_424                              |            0.185663|             0.214323|           0.014353|         0.414339
515  |*i_0_0_425                              |            0.290621|             8.119229|           0.014353|         8.424203
516  |*i_0_0_426                              |            3.637067|             6.912373|           0.034026|        10.583466
517  |*i_0_0_427                              |            3.344907|             3.559400|           0.036164|         6.940469
518  |*i_0_0_428                              |            5.487674|             1.247392|           0.022619|         6.757686
519  |*i_0_0_429                              |            2.760464|             1.619311|           0.035928|         4.415703
520  |*i_0_0_430                              |            0.002286|             0.001018|           0.018105|         0.021409
521  |*i_0_0_431                              |            4.155358|             8.592470|           0.034026|        12.781854
522  |*i_0_0_432                              |            0.531337|             2.234764|           0.017393|         2.783494
523  |*i_0_0_433                              |            3.346966|             4.159425|           0.036164|         7.542554
524  |*i_0_0_434                              |            4.989829|             1.226298|           0.017393|         6.233521
525  |*i_0_0_435                              |            3.187084|             2.092604|           0.035928|         5.315617
526  |*i_0_0_436                              |            3.198284|             2.694813|           0.036441|         5.929538
527  |*i_0_0_437                              |            3.097620|             1.302205|           0.021200|         4.421024
528  |*i_0_0_438                              |            0.010265|             0.005841|           0.026832|         0.042938
529  |*i_0_0_439                              |            0.023485|             0.032851|           0.017393|         0.073730
530  |*i_0_0_440                              |            1.627980|             2.684989|           0.036164|         4.349133
531  |*i_0_0_441                              |            1.313614|             1.247317|           0.022619|         2.583551
532  |*i_0_0_442                              |            0.633831|             1.067125|           0.021200|         1.722155
533  |*i_0_0_443                              |            0.220807|             0.978203|           0.014353|         1.213363
534  |*i_0_0_444                              |            0.157767|             0.488267|           0.014353|         0.660387
535  |*i_0_0_445                              |            0.982961|             2.062878|           0.014353|         3.060192
536  |*i_0_0_522                              |            1.030894|             1.434603|           0.014353|         2.479850
537  |*i_0_0_447                              |            0.314484|             1.869312|           0.014353|         2.198149
538  |*i_0_0_449                              |            1.036302|             1.363718|           0.014353|         2.414373
539  |*i_0_0_450                              |            1.023787|             1.527756|           0.014353|         2.565896
540  |*i_0_0_451                              |            0.289564|             8.046558|           0.014353|         8.350476
541  |*i_0_0_452                              |            0.460765|             1.100368|           0.014353|         1.575487
542  |*i_0_0_453                              |            0.474447|             2.672273|           0.014353|         3.161073
543  |*i_0_0_454                              |            0.074260|             0.660617|           0.014353|         0.749230
544  |*i_0_0_455                              |            0.467808|             7.741366|           0.014353|         8.223527
545  |*i_0_0_456                              |            0.346241|             2.144993|           0.014353|         2.505586
546  |*i_0_0_457                              |            0.607727|             0.955166|           0.022619|         1.585513
547  |*i_0_0_458                              |            0.471740|             3.472648|           0.014353|         3.958741
548  |*i_0_0_376                              |            0.125864|             0.043892|           0.014353|         0.184109
549  |*i_0_0_389                              |            0.099539|             0.128754|           0.018105|         0.246398
550  |*i_0_0_390                              |            0.125059|             0.210046|           0.017393|         0.352498
551  |*i_0_0_459                              |            0.473890|             1.943427|           0.014353|         2.431670
552  |*i_0_0_392                              |            0.456735|             1.664822|           0.014353|         2.135910
553  |*i_0_0_393                              |            0.457618|             1.672046|           0.014353|         2.144018
554  |*i_0_0_394                              |            0.625130|             1.667915|           0.017393|         2.310439
555  |*i_0_0_460                              |            0.223425|             0.254200|           0.014353|         0.491978
556  |*i_0_0_461                              |            1.423319|             6.744791|           0.021200|         8.189309
557  |*i_0_0_462                              |            0.936068|             0.401870|           0.034026|         1.371965
558  |*i_0_0_463                              |            0.864343|             0.503952|           0.021200|         1.389495
559  |*i_0_0_464                              |            3.230798|             1.254090|           0.027858|         4.512746
560  |*i_0_0_465                              |            0.552124|             1.082266|           0.021200|         1.655590
561  |*i_0_0_466                              |            0.546074|             6.189066|           0.021200|         6.756340
562  |*i_0_0_467                              |            4.511325|             2.759003|           0.014353|         7.284681
563  |*i_0_0_468                              |            0.845662|             1.272424|           0.027858|         2.145944
564  |*i_0_0_469                              |            0.577482|             1.082266|           0.021200|         1.680948
565  |*i_0_0_470                              |            0.450220|             1.344677|           0.014353|         1.809250
566  |*i_0_0_471                              |            0.289952|             1.815130|           0.014353|         2.119435
567  |*i_0_0_472                              |            1.125686|             0.803016|           0.034026|         1.962728
568  |*i_0_0_473                              |            0.222801|             0.286195|           0.021200|         0.530195
569  |*i_0_0_474                              |            0.507530|             1.184860|           0.014353|         1.706744
570  |*i_0_0_475                              |            0.774138|             6.857953|           0.022619|         7.654710
571  |*i_0_0_476                              |            3.262969|             1.319375|           0.014353|         4.596696
572  |*i_0_0_477                              |            2.668226|             1.086419|           0.014353|         3.768999
573  |*i_0_0_478                              |            0.286684|             0.883122|           0.014353|         1.184159
574  |*i_0_0_479                              |            0.467595|             7.741366|           0.014353|         8.223313
575  |*i_0_0_480                              |            0.055496|             0.020490|           0.014353|         0.090339
576  |*i_0_0_481                              |            0.512874|             0.992510|           0.017393|         1.522777
577  |*i_0_0_482                              |            0.473299|             3.613308|           0.014353|         4.100960
578  |*i_0_0_483                              |            0.950142|             2.557230|           0.014353|         3.521726
579  |*i_0_0_484                              |            0.519798|             0.703658|           0.027858|         1.251315
580  |*i_0_0_485                              |            0.312001|             1.902482|           0.014353|         2.228837
581  |*i_0_0_486                              |            0.475435|             2.862564|           0.014353|         3.352353
582  |*i_0_0_487                              |            0.915690|             9.174160|           0.027858|        10.117708
583  |*i_0_0_488                              |            0.531021|             1.075959|           0.021200|         1.628179
584  |*i_0_0_489                              |            1.529045|             9.292006|           0.036441|        10.857492
585  |*i_0_0_490                              |            0.474307|             7.864244|           0.014353|         8.352904
586  |*i_0_0_491                              |            0.470037|             0.589783|           0.014353|         1.074172
587  |*i_0_0_446                              |            1.105361|             0.300438|           0.036441|         1.442241
588  |*i_0_0_448                              |            0.256636|             1.001567|           0.014353|         1.272557
589  |*i_0_0_492                              |            2.145398|             5.795565|           0.032612|         7.973575
590  |*i_0_0_493                              |            1.358926|             7.609046|           0.022695|         8.990668
591  |*i_0_0_494                              |            4.611158|             0.809572|           0.034026|         5.454756
592  |*i_0_0_495                              |            3.464874|             8.906152|           0.022619|        12.393645
593  |*i_0_0_496                              |            1.766783|             0.931024|           0.017393|         2.715200
594  |*i_0_0_497                              |            3.475772|             1.910772|           0.022619|         5.409163
595  |*i_0_0_498                              |            2.068642|             0.996556|           0.017393|         3.082591
596  |*i_0_0_499                              |            3.349108|             3.404681|           0.036164|         6.789954
597  |*i_0_0_500                              |            4.968822|             1.226284|           0.017393|         6.212500
598  |*i_0_0_501                              |            0.096269|             0.143506|           0.024415|         0.264189
599  |*i_0_0_502                              |            0.352587|             0.222364|           0.022695|         0.597646
600  |*i_0_0_503                              |            0.472838|             0.264948|           0.018105|         0.755891
601  |*i_0_0_504                              |            1.560914|             0.604540|           0.014353|         2.179807
602  |*i_0_0_505                              |            1.677016|             4.658759|           0.018105|         6.353880
603  |*i_0_0_506                              |            9.627129|             1.381805|           0.014353|        11.023287
604  |*i_0_0_507                              |            1.023787|             1.527756|           0.014353|         2.565896
605  |*i_0_0_510                              |            1.026915|             1.486756|           0.014353|         2.528024
606  |*i_0_0_513                              |            0.225350|             0.287664|           0.021200|         0.534214
607  |*i_0_0_514                              |            0.473945|             9.230397|           0.014353|         9.718695
608  |*i_0_0_515                              |            0.473944|             9.323198|           0.014353|         9.811495
609  |*i_0_0_516                              |            9.195024|             4.120504|           0.014353|        13.329881
610  |*i_0_0_517                              |            0.499898|             5.752317|           0.017393|         6.269609
611  |*i_0_0_518                              |            0.474627|             5.200609|           0.014353|         5.689589
612  |*i_0_0_519                              |            0.333326|             2.154576|           0.014353|         2.502255
613  |*i_0_0_520                              |            1.785707|             4.050257|           0.034026|         5.869989
614  |*i_0_0_521                              |            0.673724|             9.095307|           0.017393|         9.786424
615  |*i_0_0_524                              |            0.352301|             0.987390|           0.014353|         1.354044
616  |*i_0_0_508                              |            0.049263|             0.014332|           0.014353|         0.077949
617  |*i_0_0_509                              |            0.038383|             0.100921|           0.017393|         0.156697
618  |*i_0_0_525                              |            9.387030|             2.903564|           0.014353|        12.304947
619  |*i_0_0_511                              |            0.138779|             0.283051|           0.014353|         0.436183
620  |*i_0_0_512                              |            0.108319|             0.283307|           0.017393|         0.409020
621  |*i_0_0_526                              |            0.425247|             8.130835|           0.017393|         8.573475
622  |*i_0_0_527                              |            0.954138|            11.226425|           0.022619|        12.203182
623  |*i_0_0_528                              |            0.781481|             0.280145|           0.017393|         1.079020
624  |*i_0_0_529                              |            0.515022|             0.709103|           0.022619|         1.246745
625  |*i_0_0_530                              |            0.473360|            14.583703|           0.014353|        15.071416
626  |*i_0_0_523                              |            0.013266|             0.002034|           0.014353|         0.029653
627  |*i_0_0_531                              |            0.019109|             0.034662|           0.018127|         0.071898
628  |*i_0_0_532                              |            0.375120|             0.426788|           0.014353|         0.816260
629  |*i_0_0_533                              |            0.528446|             0.446971|           0.017393|         0.992810
630  |*i_0_0_534                              |            0.613252|             2.900301|           0.017393|         3.530946
631  |*i_0_0_535                              |            2.487167|             0.256808|           0.014353|         2.758328
632  |*i_0_0_536                              |            1.885512|             3.734438|           0.022619|         5.642570
633  |*i_0_0_537                              |            0.043343|             0.015147|           0.014353|         0.072843
634  |*i_0_0_538                              |            0.044123|             0.084924|           0.018105|         0.147151
635  |*i_0_0_539                              |            0.684691|             0.226966|           0.027858|         0.939515
636  |*i_0_0_540                              |            0.029518|             0.011339|           0.014353|         0.055210
637  |*i_0_0_541                              |            0.047159|             0.026738|           0.018127|         0.092024
638  |*i_0_0_542                              |            0.224183|             0.328161|           0.014353|         0.566698
639  |*i_0_0_543                              |            0.235927|             0.557518|           0.018105|         0.811550
640  |*i_0_0_544                              |            0.274231|             0.800996|           0.014353|         1.089580
641  |*i_0_0_545                              |            0.539439|             6.592895|           0.018105|         7.150438
642  |*i_0_0_546                              |            1.339717|             0.189751|           0.014353|         1.543821
643  |*i_0_0_547                              |            1.060818|             2.751679|           0.017393|         3.829891
644  |*i_0_0_548                              |            1.047291|             0.471598|           0.017393|         1.536282
645  |*i_0_0_549                              |            0.042139|             0.076536|           0.018127|         0.136801
646  |*i_0_0_550                              |            3.691293|             1.272703|           0.014353|         4.978349
647  |*i_0_0_551                              |            3.515516|             7.232754|           0.018105|        10.766375
648  |*i_0_0_552                              |            1.439606|             3.655016|           0.014353|         5.108975
649  |*i_0_0_553                              |            2.655719|             2.803932|           0.014353|         5.474004
650  |*i_0_0_554                              |            2.505855|             5.187363|           0.018105|         7.711323
651  |*i_0_0_555                              |            0.029676|             0.010067|           0.018105|         0.057847
652  |*i_0_0_556                              |            0.302194|             1.851323|           0.014353|         2.167870
653  |*i_0_0_557                              |            0.864805|             4.956297|           0.022695|         5.843797
654  |*i_0_0_558                              |            0.326738|             0.964754|           0.022619|         1.314111
655  |*i_0_0_559                              |            3.965274|             4.207627|           0.014353|         8.187254
656  |*i_0_0_560                              |            3.576644|             7.745110|           0.018105|        11.339859
657  |*i_0_0_561                              |            3.488080|             2.821205|           0.014353|         6.323637
658  |*i_0_0_562                              |            2.755209|             9.256247|           0.017393|        12.028849
659  |*i_0_0_563                              |            1.288418|             0.460261|           0.018105|         1.766783
660  |*i_0_0_564                              |            3.571275|             1.486756|           0.014353|         5.072384
661  |*i_0_0_565                              |            0.077644|             0.058181|           0.014353|         0.150178
662  |*i_0_0_566                              |            0.109814|             0.196766|           0.018127|         0.324707
663  |*i_0_0_567                              |            3.754592|             4.031790|           0.014353|         7.800735
664  |*i_0_0_568                              |            2.433255|             7.586600|           0.017393|        10.037248
665  |*i_0_0_569                              |            3.484271|             2.375555|           0.014353|         5.874178
666  |*i_0_0_570                              |            2.529374|             7.089190|           0.017393|         9.635957
667  |*i_0_0_571                              |            1.711647|             0.493552|           0.018127|         2.223326
668  |*i_0_0_572                              |            0.442515|             1.072261|           0.014353|         1.529130
669  |*i_0_0_573                              |            1.575123|             0.943213|           0.022695|         2.541031
670  |*i_0_0_574                              |            3.561064|             5.452722|           0.014353|         9.028139
671  |*i_0_0_575                              |            2.777689|             9.324304|           0.017393|        12.119385
672  |*i_0_0_576                              |            1.288418|             0.460261|           0.018105|         1.766783
673  |*i_0_0_577                              |            0.640847|             3.677345|           0.021200|         4.339391
674  |*i_0_0_578                              |            3.571275|             1.486756|           0.014353|         5.072384
675  |*i_0_0_579                              |            2.698488|             2.853951|           0.014353|         5.566792
676  |*i_0_0_580                              |            2.532203|             5.270863|           0.018105|         7.821171
677  |*i_0_0_581                              |            3.611314|             8.987055|           0.014353|        12.612722
678  |*i_0_0_582                              |            4.892602|             7.642064|           0.022695|        12.557361
679  |*i_0_0_583                              |            0.458890|            10.583840|           0.014353|        11.057083
680  |*i_0_0_584                              |            0.457333|             4.149129|           0.014353|         4.620814
681  |*i_0_0_585                              |            0.133101|             1.815747|           0.014353|         1.963201
682  |*i_0_0_586                              |            0.330189|             2.148869|           0.018127|         2.497185
683  |*i_0_0_587                              |            0.480270|             2.787324|           0.014353|         3.281947
684  |*i_0_0_588                              |            0.882866|             7.673588|           0.018105|         8.574560
685  |*i_0_0_589                              |            0.186110|             1.110417|           0.014353|         1.310881
686  |*i_0_0_590                              |            0.253770|             3.010260|           0.017393|         3.281423
687  |*i_0_0_591                              |            0.897982|             2.178388|           0.022039|         3.098409
688  |*i_0_0_592                              |            0.470135|             1.422149|           0.014353|         1.906637
689  |*i_0_0_593                              |            0.437240|             1.373309|           0.014353|         1.824902
690  |*i_0_0_594                              |            0.685405|             8.825864|           0.017393|         9.528662
691  |*i_0_0_595                              |            0.474443|             2.700548|           0.014353|         3.189345
692  |*i_0_0_596                              |            0.826830|            17.166498|           0.018105|        18.011433
693  |*i_0_0_597                              |            0.915169|             2.260908|           0.022039|         3.198116
694  |*i_0_0_598                              |            0.473279|             1.456896|           0.014353|         1.944529
695  |*i_0_0_599                              |            1.507195|            17.774076|           0.036441|        19.317715
696  |*i_0_0_600                              |            0.087366|             0.247809|           0.018105|         0.353280
697  |*i_0_0_601                              |            0.923793|             7.326512|           0.022039|         8.272344
698  |*i_0_0_602                              |            0.904372|            10.841757|           0.018105|        11.764234
699  |*i_0_0_603                              |            0.644919|             0.848464|           0.018127|         1.511510
700  |*i_0_0_604                              |            0.299796|             1.187372|           0.017393|         1.504562
701  |*i_0_0_605                              |            0.462682|             0.784586|           0.018105|         1.265373
702  |*i_0_0_606                              |            0.366622|             0.565523|           0.018105|         0.950250
703  |*i_0_0_607                              |            0.470463|             1.486756|           0.014353|         1.971572
704  |*i_0_0_608                              |            0.902321|             1.120090|           0.022039|         2.044449
705  |*i_0_0_609                              |            1.546436|             9.347919|           0.036164|        10.930519
706  |*i_0_0_610                              |            0.400029|             2.392861|           0.014353|         2.807243
707  |*i_0_0_611                              |            0.677500|             9.268378|           0.018105|         9.963983
708  |*i_0_0_612                              |            0.902321|             1.120090|           0.022039|         2.044449
709  |*i_0_0_613                              |            1.636087|            10.796843|           0.036441|        12.469371
710  |*i_0_0_614                              |            0.748922|             7.077800|           0.032612|         7.859334
711  |*i_0_0_615                              |            0.465802|            15.631219|           0.014353|        16.111374
712  |*i_0_0_616                              |            0.078080|             0.130957|           0.018105|         0.227142
713  |*i_0_0_617                              |            0.291878|            12.639180|           0.014353|        12.945411
714  |*i_0_0_618                              |            0.432031|            11.148248|           0.017393|        11.597672
715  |*i_0_0_619                              |            0.103482|             0.135992|           0.018127|         0.257601
716  |*i_0_0_620                              |            0.200249|             0.587887|           0.014353|         0.802490
717  |*i_0_0_621                              |            0.339601|             3.983491|           0.017393|         4.340487
718  |*i_0_0_622                              |            0.348196|             7.676525|           0.014353|         8.039074
719  |*i_0_0_623                              |            0.482837|             9.326377|           0.017393|         9.826607
720  |*i_0_0_624                              |            0.755714|            23.289104|           0.017393|        24.062212
721  |*i_0_0_625                              |            0.264646|             1.092555|           0.017393|         1.374595
722  |*i_0_0_626                              |            0.662851|             1.302669|           0.017393|         1.982914
723  |*i_0_0_627                              |            0.355459|             6.922798|           0.014353|         7.292609
724  |*i_0_0_628                              |            0.891666|             2.724245|           0.018105|         3.634016
725  |*i_0_0_629                              |            0.696745|            24.851543|           0.017393|        25.565683
726  |*i_0_0_630                              |            0.653642|             2.619470|           0.017393|         3.290505
727  |*i_0_0_631                              |            0.585093|             1.166974|           0.017393|         1.769460
728  |*i_0_0_632                              |            0.466539|             9.086172|           0.014353|         9.567064
729  |*i_0_0_633                              |            0.443409|             1.432524|           0.018105|         1.894038
730  |*i_0_0_634                              |            0.673284|             2.676298|           0.017393|         3.366975
731  |*i_0_0_635                              |            0.516520|             8.057568|           0.017393|         8.591481
732  |*i_0_0_636                              |            0.469914|             1.363718|           0.014353|         1.847984
733  |*i_0_0_637                              |            1.039903|             1.316520|           0.014353|         2.370776
734  |*i_0_0_638                              |            0.624036|             4.376107|           0.017393|         5.017537
735  |*i_0_0_639                              |            0.670116|             9.223784|           0.017393|         9.911293
736  |*i_0_0_640                              |            0.678375|            13.163464|           0.017393|        13.859231
737  |*i_0_0_641                              |            0.661378|             0.997742|           0.018105|         1.677225
738  |*i_0_0_642                              |            0.522032|             4.195847|           0.017393|         4.735272
739  |*i_0_0_643                              |            0.469914|             1.363718|           0.014353|         1.847984
740  |*i_0_0_644                              |            0.523666|             2.117797|           0.017393|         2.658856
741  |*i_0_0_645                              |            0.469914|             1.363718|           0.014353|         1.847984
742  |*i_0_0_646                              |            1.039903|             1.316520|           0.014353|         2.370776
743  |*i_0_0_647                              |            0.987405|             1.384997|           0.022619|         2.395021
744  |*i_0_0_648                              |            0.667727|             2.077212|           0.017393|         2.762332
745  |*i_0_0_649                              |            0.749360|             6.832328|           0.014353|         7.596042
746  |*i_0_0_650                              |            0.668224|             2.055816|           0.017393|         2.741433
747  |*i_0_0_651                              |            0.466699|             8.445976|           0.014353|         8.927028
748  |*overFlow_reg_enable_mux_0              |            1.063579|             0.376435|           0.035928|         1.475943
749  |*ready_reg_enable_mux_0                 |            1.059768|             0.377280|           0.035928|         1.472977
750  |                                        |                    |                     |                   |                 
751  |*TOTAL                                  |          756.896729|          1718.342651|          22.615904|      2497.855225
-----+----------------------------------------+--------------------+---------------------+-------------------+-----------------
