Report for group default
------------------------------------------------------------------------------------------------------------------------------------------------------------
Startpoint: A_reg[17]/Q
    (Clocked by sysclk R)
Endpoint: A_reg[0]/D
    (Clocked by sysclk R)
Path Group: default
Data required time: 1460.0
    (Clock shift: 1500.0, minus Uncertainty: 0.0, plus Latency 0.0, minus Setup time: 40.0)
Data arrival time: 915.4
Slack: 544.6
Logic depth: 31
------------------------------------------------------------------------------------------------------------------------------------------------------------
                                                     Arrival               Arc      Net               Net    Total   fan-                                   
Path                     Module/Cell           Edge     Time    Delay    Delay    Delay     Slew     Load     Load    out     Location Power Domain      (V)
                                                        (ps)     (ps)     (ps)     (ps)     (ps)     (ff)     (ff)    (#)      (um,um)                      
------------------------------------------------------------------------------------------------------------------------------------------------------------
clk                      {create_clock}           r      0.0      0.0      0.0                        0.0      0.0      7    53,  104                       
clk_gate_A_reg/CK->GCK   CLKGATETST_X1           rr      0.0      0.0      0.0      0.0      0.0      0.0      0.0     16    52,   52  /PD_TOP        (1.10)
A_reg[17]/CK->Q          DFF_X1                  rf     99.7     99.7     99.7      0.0      0.0      3.0     16.3      4    52,   52  /PD_TOP        (1.10)
i_0_0_353/A->ZN          AOI21_X4                fr    149.9     50.2     50.1      0.1     20.2      1.5      9.2      2    52,   52  /PD_TOP        (1.10)
i_0_0_351/A->ZN          AOI21_X4                rf    169.2     19.3     19.3      0.0     27.4      1.4      9.0      2    52,   52  /PD_TOP        (1.10)
i_0_0_350/A->ZN          OAI21_X4                fr    189.7     20.5     20.5      0.0      9.6      0.7      4.6      1    52,   52  /PD_TOP        (1.10)
i_0_0_349/A2->ZN         NAND2_X4                rf    208.0     18.3     18.3      0.0     18.7      1.3      8.3      2    52,   52  /PD_TOP        (1.10)
i_0_0_347/A->ZN          OAI21_X4                fr    241.2     33.2     33.2      0.0      8.6      0.6     26.1      1    52,   52  /PD_TOP        (1.10)
i_0_0_346/A->ZN          INV_X8                  rf    248.0      6.8      6.8      0.0     43.7      0.6      4.5      1    52,   52  /PD_TOP        (1.10)
i_0_0_345/A->ZN          AOI21_X4                fr    289.5     41.5     41.5      0.0      3.5      1.3      8.2      2    52,   52  /PD_TOP        (1.10)
i_0_0_336/A1->ZN         NAND2_X4                rf    305.8     16.3     16.3      0.0     26.2      0.7      4.6      1    52,   52  /PD_TOP        (1.10)
i_0_0_335/A->ZN          OAI21_X4                fr    327.5     21.7     21.7      0.0      7.1      1.4      8.5      2    52,   52  /PD_TOP        (1.10)
i_0_0_343/B1->ZN         AOI21_X4                rf    347.7     20.2     20.2      0.0     23.3      1.4      8.4      2    52,   52  /PD_TOP        (1.10)
i_0_0_342/A->ZN          AOI21_X4                fr    414.9     67.2     67.2      0.0      9.3      0.6     26.1      1    52,   52  /PD_TOP        (1.10)
i_0_0_341/A->ZN          INV_X8                  rf    421.5      6.6      6.6      0.0     47.2      0.6      4.6      1    52,   52  /PD_TOP        (1.10)
i_0_0_340/A->ZN          OAI21_X4                fr    441.5     20.0     20.0      0.0      3.5      1.4      8.7      2    52,   52  /PD_TOP        (1.10)
i_0_0_334/B2->ZN         AOI21_X4                rf    462.4     20.9     20.9      0.0     23.5      1.4      9.0      2    52,   52  /PD_TOP        (1.10)
i_0_0_333/A->ZN          AOI21_X4                fr    529.7     67.3     67.3      0.0      9.6      0.6     26.1      1    52,   52  /PD_TOP        (1.10)
i_0_0_332/A->ZN          INV_X8                  rf    536.3      6.6      6.6      0.0     47.2      0.6      4.6      1    52,   52  /PD_TOP        (1.10)
i_0_0_331/A->ZN          OAI21_X4                fr    556.3     20.0     20.0      0.0      3.5      1.4      8.7      2    52,   52  /PD_TOP        (1.10)
i_0_0_327/B2->ZN         AOI21_X4                rf    576.9     20.6     20.6      0.0     23.5      1.4      8.4      2    52,   52  /PD_TOP        (1.10)
i_0_0_326/A->ZN          OAI21_X4                fr    597.3     20.4     20.4      0.0      9.4      0.7      4.6      1    52,   52  /PD_TOP        (1.10)
i_0_0_325/A2->ZN         NAND2_X4                rf    618.5     21.2     21.2      0.0     18.7      2.0     13.2      3    52,   52  /PD_TOP        (1.10)
i_0_0_323/B1->ZN         AOI21_X4                fr    673.3     54.8     54.8      0.0     10.4      0.6     26.1      1    52,   52  /PD_TOP        (1.10)
i_0_0_322/A->ZN          INV_X8                  rf    679.9      6.6      6.6      0.0     47.2      0.6      4.6      1    52,   52  /PD_TOP        (1.10)
i_0_0_321/A->ZN          OAI21_X4                fr    699.8     19.9     19.9      0.0      3.5      1.4      8.5      2    52,   52  /PD_TOP        (1.10)
i_0_0_319/B1->ZN         AOI21_X4                rf    723.1     23.3     23.3      0.0     23.3      2.1     13.3      3    52,   52  /PD_TOP        (1.10)
i_0_0_317/B1->ZN         AOI21_X4                fr    778.2     55.1     55.1      0.0     11.3      0.6     26.1      1    52,   52  /PD_TOP        (1.10)
i_0_0_316/A->ZN          INV_X8                  rf    784.8      6.6      6.6      0.0     47.2      0.6      4.6      1    52,   52  /PD_TOP        (1.10)
i_0_0_315/A->ZN          OAI21_X4                fr    805.1     20.3     20.3      0.0      3.5      1.4      9.1      2    52,   52  /PD_TOP        (1.10)
i_0_0_27/B1->ZN          OAI21_X4                rf    822.7     17.6     17.6      0.0     23.9      0.7      4.4      1    52,   52  /PD_TOP        (1.10)
i_0_0_26/B->ZN           XNOR2_X2                ff    862.4     39.7     39.7      0.0      9.4      0.7      4.8      1    52,   52  /PD_TOP        (1.10)
i_0_0_25/A1->ZN          AOI22_X4                fr    895.2     32.8     32.8      0.0     11.7      0.8      4.7      1    52,   52  /PD_TOP        (1.10)
i_0_0_24/A->ZN           OAI21_X2                rf    915.4     20.2     20.2      0.0     25.4      0.7      1.9      1    52,   52  /PD_TOP        (1.10)
A_reg[0]/D               DFF_X1                   f    915.4      0.0               0.0      8.1                             52,   52  /PD_TOP        (1.10)
------------------------------------------------------------------------------------------------------------------------------------------------------------
Report for group I2R
------------------------------------------------------------------------------------------------------------------------------------------------------------
Startpoint: divisor[1]
    (Clocked by rtDefaultClock R)
Endpoint: negated_second_operand_number_reg[15]/D
    (Clocked by sysclk R)
Path Group: I2R
Data required time: 1469.6
    (Clock shift: 1500.0, minus Uncertainty: 0.0, plus Latency 0.0, minus Setup time: 30.4)
Data arrival time: 1434.1
Slack: 35.5
Logic depth: 24
------------------------------------------------------------------------------------------------------------------------------------------------------------
                                                     Arrival               Arc      Net               Net    Total   fan-                                   
Path                     Module/Cell           Edge     Time    Delay    Delay    Delay     Slew     Load     Load    out     Location Power Domain      (V)
                                                        (ps)     (ps)     (ps)     (ps)     (ps)     (ff)     (ff)    (#)      (um,um)                      
------------------------------------------------------------------------------------------------------------------------------------------------------------
divisor[1]               {set_input_delay}        f    700.0    700.0    700.0                        6.7     32.2      1   104,   51                       
i_0_0_516/A->ZN          INV_X8                  fr    737.7     37.7     36.9      0.8    100.0      1.9     13.6      3    52,   52  /PD_TOP        (1.10)
i_0_0_505/A2->ZN         NAND3_X4*               rf    779.9     42.2     42.2      0.0      7.6      2.0     35.2      3    52,   52  /PD_TOP        (1.10)
i_0_0_504/A->ZN          INV_X8                  fr    792.5     12.6     12.6      0.0     15.3      0.6      4.6      1    52,   52  /PD_TOP        (1.10)
i_0_0_503/A1->ZN         NAND3_X4                rf    810.9     18.4     18.4      0.0      5.4      1.3      7.2      2    52,   52  /PD_TOP        (1.10)
i_0_0_502/A1->ZN         OR2_X4                  ff    857.4     46.5     46.5      0.0     12.6      2.0     11.9      3    52,   52  /PD_TOP        (1.10)
i_0_0_501/A1->ZN         OR3_X4*                 ff    931.2     73.8     73.8      0.0     10.3      1.3     30.5      2    52,   52  /PD_TOP        (1.10)
i_0_0_480/A->ZN          INV_X8                  fr    943.7     12.5     12.5      0.0     15.3      0.6      4.4      1    52,   52  /PD_TOP        (1.10)
i_0_0_439/A1->ZN         NAND2_X4                rf    959.8     16.1     16.1      0.0      5.3      2.0     13.9      3    52,   52  /PD_TOP        (1.10)
i_0_0_428/B1->ZN         OAI21_X4                fr    986.9     27.1     27.1      0.0     10.8      0.7      4.1      1    52,   52  /PD_TOP        (1.10)
i_0_0_427/B->Z           XOR2_X2                 rr   1059.2     72.3     72.3      0.0     18.2      2.1     11.8      3    52,   52  /PD_TOP        (1.10)
i_0_0_421/B->Z           MUX2_X2                 rr   1103.2     44.0     44.0      0.0     43.8      1.4      4.1      2    52,   52  /PD_TOP        (1.10)
i_0_0_413/B->Z           MUX2_X2                 rr   1167.3     64.1     64.1      0.0     10.5      0.6     26.1      1    52,   52  /PD_TOP        (1.10)
i_0_0_467/A->ZN          INV_X8                  rf   1176.3      9.0      9.0      0.0     34.0      1.4      9.2      2    52,   52  /PD_TOP        (1.10)
i_0_0_571/A2->ZN         NAND4_X4                fr   1193.8     17.5     17.5      0.0      4.0      0.7      4.5      1    52,   52  /PD_TOP        (1.10)
i_0_0_570/A1->ZN         NAND2_X4                rf   1220.1     26.3     26.3      0.0     14.8      0.6     26.0      1    52,   52  /PD_TOP        (1.10)
i_0_0_569/A->ZN          INV_X8                  fr   1234.8     14.7     14.7      0.0     15.9      1.2      8.7      2    52,   52  /PD_TOP        (1.10)
i_0_0_568/A1->ZN         NAND2_X4                rf   1257.7     22.9     22.9      0.0      6.4      0.6     26.0      1    52,   52  /PD_TOP        (1.10)
i_0_0_567/A->ZN          INV_X8                  fr   1274.6     16.9     16.9      0.0     15.9      2.3     13.8      3    52,   52  /PD_TOP        (1.10)
i_0_0_554/A1->ZN         NAND3_X4                rf   1307.9     33.3     33.3      0.0      7.7      0.6     26.1      1    52,   52  /PD_TOP        (1.10)
i_0_0_553/A->ZN          INV_X8                  fr   1327.9     20.0     20.0      0.0     24.6      2.1     14.1      3    52,   52  /PD_TOP        (1.10)
i_0_0_549/A2->ZN         NAND4_X4*               rf   1379.7     51.8     51.8      0.0      7.7      1.4     30.6      2    52,   52  /PD_TOP        (1.10)
i_0_0_548/A1->ZN         NAND2_X4                fr   1397.1     17.4     17.4      0.0     15.3      0.6      4.5      1    52,   52  /PD_TOP        (1.10)
i_0_0_547/A2->ZN         NAND2_X4                rf   1422.5     25.4     25.4      0.0      9.6      0.6     26.0      1    52,   52  /PD_TOP        (1.10)
i_0_0_546/A->ZN          INV_X8                  fr   1434.1     11.6     11.6      0.0     15.9      0.7      1.8      1    52,   52  /PD_TOP        (1.10)
negated_second_operand_number_reg[15]/D
                         DFF_X1                   r   1434.1      0.0               0.0      4.7                             52,   52  /PD_TOP        (1.10)
------------------------------------------------------------------------------------------------------------------------------------------------------------
Report for group I2O
Report for group R2O
------------------------------------------------------------------------------------------------------------------------------------------------------------
Startpoint: ready_reg/Q
    (Clocked by sysclk R)
Endpoint: ready
    (Clocked by vsysclk R)
Path Group: R2O
Data required time: 200.0
    (Clock shift: 500.0, minus Uncertainty: 0.0, plus Latency 0.0, minus Out delay: 300.0)
Data arrival time: 152.0
Slack: 48.0
Logic depth: 0
------------------------------------------------------------------------------------------------------------------------------------------------------------
                                                     Arrival               Arc      Net               Net    Total   fan-                                   
Path                     Module/Cell           Edge     Time    Delay    Delay    Delay     Slew     Load     Load    out     Location Power Domain      (V)
                                                        (ps)     (ps)     (ps)     (ps)     (ps)     (ff)     (ff)    (#)      (um,um)                      
------------------------------------------------------------------------------------------------------------------------------------------------------------
clk                      {create_clock}           r      0.0      0.0      0.0                        0.0      0.0      7    53,  104                       
ready_reg/CK->Q          DFF_X1*                 rr    151.2    151.2    151.2      0.0      0.0     11.0     40.4      7    52,   52  /PD_TOP        (1.10)
ready                                             r    152.0      0.8               0.8     15.3                             54,    0                       
------------------------------------------------------------------------------------------------------------------------------------------------------------
