Report Physical info: 
------------------------+-------------+-----------+------------
                        |             |Area (squm)|Leakage (uW)
------------------------+-------------+-----------+------------
Design Name             |Euler        |           |            
  Total Instances       |         5298|       7525|     161.215
    Macros              |            0|          0|       0.000
    Pads                |            0|          0|       0.000
    Phys                |            0|          0|       0.000
    Blackboxes          |            0|          0|       0.000
    Cells               |         5298|       7525|     161.215
      Buffers           |           17|         14|       0.364
      Inverters         |         1139|        606|      16.348
      Clock-Gates       |            0|          0|       0.000
      Combinational     |         3837|       5526|     120.373
      Latches           |            0|          0|       0.000
      FlipFlops         |          305|       1379|      24.129
       Single-Bit FF    |          305|       1379|      24.129
       Multi-Bit FF     |            0|          0|       0.000
       Clock-Gated      |            0|           |            
       Bits             |          305|       1379|      24.129
         Load-Enabled   |            0|           |            
         Clock-Gated    |            0|           |            
  Tristate Pin Count    |            0|           |            
Physical Info           |Placed       |           |            
  Chip Size (mm x mm)   |0.172 x 0.172|      29579|            
  Fixed Cell Area       |             |          0|            
    Phys Only           |            0|          0|            
  Placeable Area        |             |      12377|            
  Movable Cell Area     |             |       7525|            
  Utilization (%)       |           60|           |            
  Chip Utilization (%)  |           60|           |            
  Total Wire Length (mm)|       53.652|           |            
  Longest Wire (mm)     |        0.182|           |            
  Average Wire (mm)     |        0.119|           |            
------------------------+-------------+-----------+------------
