Report for group default
------------------------------------------------------------------------------------------------------------------------------------------------------------
Startpoint: A_reg[17]/Q
    (Clocked by sysclk R)
Endpoint: A_reg[0]/D
    (Clocked by sysclk R)
Path Group: default
Data required time: 1466.8
    (Clock shift: 1500.0, minus Uncertainty: 0.0, plus Latency 0.0, minus Setup time: 33.2)
Data arrival time: 949.3
Slack: 517.5
Logic depth: 25
------------------------------------------------------------------------------------------------------------------------------------------------------------
                                                     Arrival               Arc      Net               Net    Total   fan-                                   
Path                     Module/Cell           Edge     Time    Delay    Delay    Delay     Slew     Load     Load    out     Location Power Domain      (V)
                                                        (ps)     (ps)     (ps)     (ps)     (ps)     (ff)     (ff)    (#)      (um,um)                      
------------------------------------------------------------------------------------------------------------------------------------------------------------
clk                      {create_clock}           r      0.0      0.0      0.0                        0.0      0.0      7    56,    0                       
clk_gate_A_reg/CK->GCK   CLKGATETST_X1           rr      0.0      0.0      0.0      0.0      0.0      0.0      0.0     16    53,   52  /PD_TOP        (1.10)
A_reg[17]/CK->Q          DFF_X1*                 rr    153.5    153.5    153.5      0.0      0.0      3.7     45.5      5    53,   52  /PD_TOP        (1.10)
i_0_0_245/B1->ZN         AOI21_X4                rf    169.6     16.1     16.0      0.1     15.3      0.7      4.6      1    53,   52  /PD_TOP        (1.10)
i_0_0_202/A->ZN          AOI21_X4                fr    214.1     44.5     44.5      0.0      7.9      1.5      9.0      2    53,   52  /PD_TOP        (1.10)
i_0_0_285/B2->ZN         AOI22_X4                rf    241.8     27.7     27.7      0.0     27.2      1.5      8.7      2    53,   52  /PD_TOP        (1.10)
i_0_0_283/B1->ZN         OAI21_X4                fr    275.8     34.0     34.0      0.0     14.3      1.4      8.4      2    53,   52  /PD_TOP        (1.10)
i_0_0_282/A->ZN          OAI21_X4                rf    297.9     22.1     22.1      0.0     23.2      0.7      4.7      1    53,   52  /PD_TOP        (1.10)
i_0_0_201/A->ZN          OAI21_X4                fr    321.2     23.3     23.3      0.0      9.6      1.5      9.0      2    53,   52  /PD_TOP        (1.10)
i_0_0_200/B2->ZN         AOI22_X4                rf    347.9     26.7     26.7      0.0     23.9      1.5      8.5      2    53,   52  /PD_TOP        (1.10)
i_0_0_199/A->ZN          AOI21_X4                fr    389.5     41.6     41.6      0.0     14.1      0.7      4.6      1    53,   52  /PD_TOP        (1.10)
i_0_0_198/A->ZN          AOI21_X4                rf    407.8     18.3     18.3      0.0     22.0      1.5      9.3      2    53,   52  /PD_TOP        (1.10)
i_0_0_197/B2->ZN         AOI22_X4*               fr    486.0     78.2     78.2      0.0      9.7      1.4     30.3      2    53,   52  /PD_TOP        (1.10)
i_0_0_196/A->ZN          INV_X8                  rf    493.1      7.1      7.1      0.0     15.3      0.7      4.8      1    53,   52  /PD_TOP        (1.10)
i_0_0_195/B2->ZN         AOI22_X4                fr    542.7     49.6     49.6      0.0      3.5      1.5      8.9      2    53,   52  /PD_TOP        (1.10)
i_0_0_194/B2->ZN         AOI22_X4                rf    571.1     28.4     28.4      0.0     30.4      1.5      8.5      2    53,   52  /PD_TOP        (1.10)
i_0_0_193/A->ZN          OAI21_X4                fr    594.0     22.9     22.9      0.0     14.2      0.7      4.7      1    53,   52  /PD_TOP        (1.10)
i_0_0_192/A->ZN          OAI21_X4                rf    617.8     23.8     23.8      0.0     18.8      1.5      9.3      2    53,   52  /PD_TOP        (1.10)
i_0_0_191/B2->ZN         AOI22_X4*               fr    697.4     79.6     79.6      0.0     11.4      1.5     31.0      2    53,   52  /PD_TOP        (1.10)
i_0_0_190/A->ZN          INV_X8                  rf    705.4      8.0      8.0      0.0     15.3      1.3      8.0      2    53,   52  /PD_TOP        (1.10)
i_0_0_187/A1->ZN         NOR2_X4                 fr    731.2     25.8     25.8      0.0      3.9      1.5      7.9      2    53,   52  /PD_TOP        (1.10)
i_0_0_186/B2->ZN         OAI22_X4                rf    758.2     27.0     27.0      0.0     19.6      1.5      8.5      2    53,   52  /PD_TOP        (1.10)
i_0_0_182/B1->ZN         AOI22_X4                fr    813.9     55.7     55.7      0.0     12.7      2.1     14.2      3    53,   52  /PD_TOP        (1.10)
i_0_0_176/A2->ZN         NOR2_X4                 rf    828.2     14.3     14.3      0.0     36.7      0.7      4.7      1    53,   52  /PD_TOP        (1.10)
i_0_0_29/B2->ZN          OAI21_X4                fr    858.6     30.4     30.4      0.0      5.7      0.7      4.4      1    53,   52  /PD_TOP        (1.10)
i_0_0_28/B->ZN           XNOR2_X2                rr    901.5     42.9     42.9      0.0     18.5      0.7      5.0      1    53,   52  /PD_TOP        (1.10)
i_0_0_27/A2->ZN          AOI22_X4                rf    920.3     18.8     18.8      0.0     24.9      0.8      4.8      1    53,   52  /PD_TOP        (1.10)
i_0_0_26/B2->ZN          OAI21_X2                fr    949.3     29.0     29.0      0.0     12.5      0.7      1.9      1    53,   52  /PD_TOP        (1.10)
A_reg[0]/D               DFF_X1                   r    949.3      0.0               0.0     15.0                             53,   52  /PD_TOP        (1.10)
------------------------------------------------------------------------------------------------------------------------------------------------------------
Report for group I2R
------------------------------------------------------------------------------------------------------------------------------------------------------------
Startpoint: divisor[13]
    (Clocked by rtDefaultClock R)
Endpoint: negated_second_operand_number_reg[8]/D
    (Clocked by sysclk R)
Path Group: I2R
Data required time: 1462.0
    (Clock shift: 1500.0, minus Uncertainty: 0.0, plus Latency 0.0, minus Setup time: 38.0)
Data arrival time: 1359.9
Slack: 102.1
Logic depth: 25
------------------------------------------------------------------------------------------------------------------------------------------------------------
                                                     Arrival               Arc      Net               Net    Total   fan-                                   
Path                     Module/Cell           Edge     Time    Delay    Delay    Delay     Slew     Load     Load    out     Location Power Domain      (V)
                                                        (ps)     (ps)     (ps)     (ps)     (ps)     (ff)     (ff)    (#)      (um,um)                      
------------------------------------------------------------------------------------------------------------------------------------------------------------
divisor[13]              {set_input_delay}        f    700.0    700.0    700.0                        8.4     42.1      3    57,    0                       
csa0_i_10/A->ZN          INV_X8                  fr    749.2     49.2     48.3      0.9    100.0      1.1     30.4      2    53,   52  /PD_TOP        (1.10)
i_0_0_501/A1->ZN         NAND2_X4*               rf    777.3     28.1     28.1      0.0     11.7      1.3     30.6      2    53,   52  /PD_TOP        (1.10)
i_0_0_500/A->ZN          INV_X8                  fr    798.1     20.8     20.8      0.0     15.3      0.6     26.0      1    53,   52  /PD_TOP        (1.10)
i_0_0_783/A->ZN          INV_X8                  rf    804.5      6.4      6.4      0.0     10.6      0.6      4.5      1    53,   52  /PD_TOP        (1.10)
i_0_0_779/A2->ZN         NAND2_X4*               fr    856.9     52.4     52.4      0.0      3.5      7.4     94.7     11    53,   52  /PD_TOP        (1.10)
i_0_0_778/A->ZN          INV_X32                 rf    870.1     13.2     13.0      0.2     15.3     13.7     91.0     19    53,   52  /PD_TOP        (1.10)
i_0_0_765/A1->ZN         NAND3_X4                fr    898.5     28.4     28.0      0.4      6.2      0.6     26.1      1    53,   52  /PD_TOP        (1.10)
i_0_0_764/A->ZN          INV_X8                  rf    907.4      8.9      8.9      0.0     24.5      1.3      9.4      2    53,   52  /PD_TOP        (1.10)
i_0_0_760/A2->ZN         NAND2_X4                fr    930.5     23.1     23.1      0.0      4.0      1.2     18.8      2    53,   52  /PD_TOP        (1.10)
i_0_0_759/A1->ZN         NAND2_X4*               rf    977.7     47.2     47.2      0.0     17.4     10.6     72.8     16    53,   52  /PD_TOP        (1.10)
i_0_0_639/A1->ZN         NAND2_X4*               fr   1011.9     34.2     33.9      0.3     15.3      1.3     30.6      2    53,   52  /PD_TOP        (1.10)
i_0_0_635/A1->ZN         NAND3_X4                rf   1048.0     36.1     36.1      0.0     15.3      0.6     26.1      1    53,   52  /PD_TOP        (1.10)
i_0_0_634/A->ZN          INV_X8                  fr   1071.8     23.8     23.8      0.0     24.6      1.9     23.9      3    53,   52  /PD_TOP        (1.10)
i_0_0_632/A2->ZN         NAND3_X4                rf   1108.8     37.0     37.0      0.0     10.1      0.6     26.1      1    53,   52  /PD_TOP        (1.10)
i_0_0_631/A->ZN          INV_X8                  fr   1126.3     17.5     17.5      0.0     24.6      1.4      9.2      2    53,   52  /PD_TOP        (1.10)
i_0_0_630/A->ZN          OAI21_X4                rf   1155.5     29.2     29.2      0.0      6.5      0.6     26.1      1    53,   52  /PD_TOP        (1.10)
i_0_0_629/A->ZN          INV_X8                  fr   1171.2     15.7     15.7      0.0     18.8      1.4      8.7      2    53,   52  /PD_TOP        (1.10)
i_0_0_610/A1->ZN         NAND4_X4*               rf   1223.1     51.9     51.9      0.0      6.4      1.4     40.6      2    53,   52  /PD_TOP        (1.10)
i_0_0_568/A->Z           BUF_X32                 ff   1251.1     28.0     28.0      0.0     15.3      0.6     26.0      1    53,   52  /PD_TOP        (1.10)
i_0_0_189/A->ZN          INV_X8                  fr   1263.0     11.9     11.9      0.0      5.1      0.6     14.4      1    53,   52  /PD_TOP        (1.10)
i_0_0_178/A->Z           BUF_X8                  rr   1284.3     21.3     21.3      0.0      7.8      0.6     14.5      1    53,   52  /PD_TOP        (1.10)
i_0_0_158/A->Z           BUF_X8                  rr   1305.3     21.0     21.0      0.0      7.6      2.0     13.8      3    53,   52  /PD_TOP        (1.10)
i_0_0_8/A2->ZN           NAND2_X4                rf   1321.1     15.8     15.8      0.0      7.4      1.4      9.3      2    53,   52  /PD_TOP        (1.10)
i_0_0_361/A->ZN          OAI21_X4                fr   1354.4     33.3     33.3      0.0      8.9      0.6     26.1      1    53,   52  /PD_TOP        (1.10)
i_0_0_360/A->ZN          INV_X8                  rf   1359.9      5.5      5.5      0.0     43.7      0.7      1.8      1    53,   52  /PD_TOP        (1.10)
negated_second_operand_number_reg[8]/D
                         DFF_X1                   f   1359.9      0.0               0.0      3.2                             53,   52  /PD_TOP        (1.10)
------------------------------------------------------------------------------------------------------------------------------------------------------------
Report for group I2O
Report for group R2O
------------------------------------------------------------------------------------------------------------------------------------------------------------
Startpoint: ready_reg/Q
    (Clocked by sysclk R)
Endpoint: ready
    (Clocked by vsysclk R)
Path Group: R2O
Data required time: 200.0
    (Clock shift: 500.0, minus Uncertainty: 0.0, plus Latency 0.0, minus Out delay: 300.0)
Data arrival time: 145.2
Slack: 54.8
Logic depth: 0
------------------------------------------------------------------------------------------------------------------------------------------------------------
                                                     Arrival               Arc      Net               Net    Total   fan-                                   
Path                     Module/Cell           Edge     Time    Delay    Delay    Delay     Slew     Load     Load    out     Location Power Domain      (V)
                                                        (ps)     (ps)     (ps)     (ps)     (ps)     (ff)     (ff)    (#)      (um,um)                      
------------------------------------------------------------------------------------------------------------------------------------------------------------
clk                      {create_clock}           r      0.0      0.0      0.0                        0.0      0.0      7    56,    0                       
ready_reg/CK->Q          DFF_X1*                 rr    144.3    144.3    144.3      0.0      0.0      9.1     28.4      4    53,   52  /PD_TOP        (1.10)
ready                                             r    145.2      0.9               0.9     15.3                             56,    0                       
------------------------------------------------------------------------------------------------------------------------------------------------------------
