Report for group default
------------------------------------------------------------------------------------------------------------------------------------------------------------
Startpoint: DR/PacketSize_reg[3]/Q
    (Clocked by sysclk R)
Endpoint: DR/RAM_Address_reg[8]/D
    (Clocked by sysclk R)
Path Group: default
Data required time: 2569.1
    (Clock shift: 2600.0, minus Uncertainty: 0.0, plus Latency 0.0, minus Setup time: 30.9)
Data arrival time: 2531.7
Slack: 37.4
Logic depth: 84
------------------------------------------------------------------------------------------------------------------------------------------------------------
                                                     Arrival               Arc      Net               Net    Total   fan-                                   
Path                     Module/Cell           Edge     Time    Delay    Delay    Delay     Slew     Load     Load    out     Location Power Domain      (V)
                                                        (ps)     (ps)     (ps)     (ps)     (ps)     (ff)     (ff)    (#)      (um,um)                      
------------------------------------------------------------------------------------------------------------------------------------------------------------
CLK                      {create_clock}           r      0.0      0.0      0.0                        0.0      0.0     86     0,   82                       
DR/PacketSize_reg[3]/CK->Q
                         DFF_X1*                 rf    162.5    162.5    162.5      0.0      0.0     25.6    345.9     35    51,   57  /PD_TOP        (1.10)
DR/i_2_0/i_24/A->ZN      INV_X8                  fr    178.2     15.7     14.6      1.1     15.3      1.4      9.1      2   109,   53  /PD_TOP        (1.10)
DR/i_2_0/i_20/A3->ZN     NAND4_X4*               rf    237.4     59.2     59.2      0.0      6.5      2.7     39.9      4   109,   53  /PD_TOP        (1.10)
DR/i_2_0/i_9/A->ZN       INV_X8                  fr    250.0     12.6     12.6      0.0     15.3      0.6      4.6      1   109,   53  /PD_TOP        (1.10)
DR/i_2_0/i_7/A1->ZN      NAND3_X4*               rf    285.8     35.8     35.8      0.0      5.4      1.3     30.6      2   109,   53  /PD_TOP        (1.10)
DR/i_2_0/i_4/A2->ZN      NAND2_X4*               fr    357.1     71.3     71.3      0.0     15.3      2.9    185.5     28   109,   53  /PD_TOP        (1.10)
DR/i_2_1/i_8/A1->ZN      NAND2_X4                rf    371.5     14.4     14.3      0.1     15.3      0.6      4.5      1   109,   53  /PD_TOP        (1.10)
DR/i_2_1/i_7/A2->ZN      NAND2_X4                fr    387.4     15.9     15.9      0.0      7.1      0.7      4.5      1   109,   53  /PD_TOP        (1.10)
DR/i_2_1/i_1/A3->ZN      NAND4_X4                rf    438.9     51.5     51.5      0.0      9.6      0.7     26.2      1   109,   53  /PD_TOP        (1.10)
DR/i_2_1/i_0/A->ZN       INV_X8                  fr    462.6     23.7     23.7      0.0     33.9      2.7     15.7      4   109,   53  /PD_TOP        (1.10)
DR/rt_shieldBuf__2__2__4/A->Z
                         BUF_X1#                 rr    513.9     51.3     51.3      0.0      8.1      2.0     13.8      3   109,   53  /PD_TOP        (1.10)
DR/i_2_19_6/B1->ZN       AOI21_X4                rf    548.4     34.5     34.5      0.0     34.4      0.6     26.1      1   109,   53  /PD_TOP        (1.10)
DR/i_2_19_7/A->ZN        INV_X8*                 fr    649.4    101.0    101.0      0.0     16.8    138.6   1588.8    184   109,   53  /PD_TOP        (1.10)
DR/i_257_0_35/A->ZN      INV_X8                  rf    661.7      8.3      8.3      0.0     15.3      1.2      8.9      2   136,  145  /PD_TOP        (1.10)
DR/i_257_0_51/A2->ZN     NAND2_X4                fr    679.2     17.5     17.5      0.0      4.0      1.2      9.7      2   136,  145  /PD_TOP        (1.10)
DR/i_257_0_111/A1->ZN    NOR2_X4                 rf    690.2     11.0     11.0      0.0     12.3      1.2      8.7      2   136,  145  /PD_TOP        (1.10)
DR/i_257_0_115/A1->ZN    NAND2_X4                fr    706.6     16.4     16.4      0.0      6.6      1.2      9.7      2   136,  145  /PD_TOP        (1.10)
DR/i_257_0_121/A1->ZN    NOR2_X4                 rf    715.8      9.2      9.2      0.0     12.3      0.6      4.5      1   136,  145  /PD_TOP        (1.10)
DR/i_257_0_122/A2->ZN    NAND2_X4                fr    730.9     15.1     15.1      0.0      5.6      0.6      4.5      1   136,  145  /PD_TOP        (1.10)
DR/i_257_0_123/A2->ZN    NAND2_X4                rf    744.8     13.9     13.9      0.0      9.6      0.6      4.8      1   136,  145  /PD_TOP        (1.10)
DR/i_257_0_124/A2->ZN    NOR2_X4                 fr    772.3     27.5     27.5      0.0      7.2      0.6      4.5      1   136,  145  /PD_TOP        (1.10)
DR/i_257_0_125/A2->ZN    NAND2_X4                rf    787.9     15.6     15.6      0.0     15.7      0.6      4.8      1   136,  145  /PD_TOP        (1.10)
DR/i_257_0_126/A2->ZN    NOR2_X4                 fr    815.4     27.5     27.5      0.0      7.2      0.6      4.5      1   136,  145  /PD_TOP        (1.10)
DR/i_257_0_127/A2->ZN    NAND2_X4                rf    841.8     26.4     26.4      0.0     15.7     19.3     24.2      6   136,  145  /PD_TOP        (1.10)
DR/i_257_76_605/B1->ZN   AOI21_X4                fr    870.8     33.0     28.9      4.1     15.1      0.7      4.6      1   136,  145  /PD_TOP        (1.10)
DR/i_257_76_606/A2->ZN   NAND2_X4                rf    899.9     29.1     29.1      0.0     22.0      0.6     26.0      1   136,  145  /PD_TOP        (1.10)
DR/i_257_76_607/A->ZN    INV_X8                  fr    913.0     13.1     13.1      0.0     15.9      0.6      5.1      1   136,  145  /PD_TOP        (1.10)
DR/i_257_76_608/A3->ZN   NAND3_X4                rf    933.7     20.7     20.7      0.0      5.5      0.7      4.8      1   136,  145  /PD_TOP        (1.10)
DR/i_257_76_609/A2->ZN   NOR2_X4                 fr    962.8     29.1     29.1      0.0     11.1      0.6      4.5      1   136,  145  /PD_TOP        (1.10)
DR/i_257_76_610/A2->ZN   NAND2_X4                rf    986.7     23.9     23.9      0.0     15.7     15.5     19.7      1   136,  145  /PD_TOP        (1.10)
DR/i_2_10_0/A2->ZN       AOI22_X4                fr   1056.8     70.1     66.1      4.0     13.2      0.7     26.2      1   109,   53  /PD_TOP        (1.10)
DR/i_2_10_1/A->ZN        INV_X8                  rf   1066.9     10.1     10.1      0.0     50.8      1.9     11.9      3   109,   53  /PD_TOP        (1.10)
DR/i_2_13/i_102/A1->ZN   NAND2_X4                fr   1084.3     17.4     17.4      0.0      4.3      2.0     13.2      3   109,   53  /PD_TOP        (1.10)
DR/i_2_13/i_100/B1->ZN   AOI21_X4                rf   1102.2     17.9     17.9      0.0     14.2      1.4      8.4      2   109,   53  /PD_TOP        (1.10)
DR/i_2_13/i_145/A->ZN    OAI21_X4                fr   1125.6     23.4     23.4      0.0      9.4      1.4      9.4      2   109,   53  /PD_TOP        (1.10)
DR/i_2_13/i_142/A2->ZN   NAND3_X4*               rf   1169.8     44.2     44.2      0.0     24.3      1.5     29.5      2   109,   53  /PD_TOP        (1.10)
DR/i_2_13/i_141/A->ZN    OAI221_X2               fr   1203.4     33.6     33.6      0.0     15.3      1.5      9.2      2   109,   53  /PD_TOP        (1.10)
DR/i_2_13/i_138/A1->ZN   NAND3_X4                rf   1236.2     32.8     32.8      0.0     52.7      1.4      9.1      2   109,   53  /PD_TOP        (1.10)
DR/i_2_13/i_137/A1->ZN   NAND3_X4*               fr   1283.1     46.9     46.9      0.0     13.8      1.9     56.8      3   109,   53  /PD_TOP        (1.10)
DR/i_2_13/i_136/A->ZN    INV_X8                  rf   1290.1      7.0      7.0      0.0     15.3      0.6      4.5      1   109,   53  /PD_TOP        (1.10)
DR/i_2_13/i_135/A2->ZN   NAND2_X4                fr   1317.4     27.3     27.3      0.0      3.5      0.6     26.0      1   109,   53  /PD_TOP        (1.10)
DR/i_2_13/i_134/A->ZN    INV_X8                  rf   1329.1     11.7     11.7      0.0     21.5      2.7     18.1      4   109,   53  /PD_TOP        (1.10)
DR/i_2_13/i_131/A1->ZN   NAND4_X4*               fr   1360.9     31.8     31.8      0.0      5.0      1.4     30.8      2   109,   53  /PD_TOP        (1.10)
DR/i_2_13/i_129/A->ZN    INV_X8                  rf   1370.4      9.5      9.5      0.0     15.3      1.9     12.7      3   109,   53  /PD_TOP        (1.10)
DR/i_2_13/i_128/A->ZN    XNOR2_X2                fr   1455.8     85.4     85.4      0.0      4.4      0.6     26.0      1   109,   53  /PD_TOP        (1.10)
DR/i_2_13/i_127/A->ZN    INV_X8                  rf   1460.9      5.1      5.1      0.0     73.7      0.7      4.9      1   109,   53  /PD_TOP        (1.10)
DR/i_2_2_26/A2->ZN       AOI22_X4                fr   1523.3     62.4     62.4      0.0      3.5      0.7     26.2      1   109,   53  /PD_TOP        (1.10)
DR/i_2_2_27/A->ZN        INV_X8                  rf   1540.4     17.1     17.1      0.0     50.8      1.1     28.8      2   109,   53  /PD_TOP        (1.10)
DR/i_2_4_1/A->ZN         INV_X8                  fr   1549.8      9.4      9.4      0.0      6.3      0.6      4.9      1   109,   53  /PD_TOP        (1.10)
DR/i_2_4_3/A2->ZN        NAND3_X4                rf   1585.3     35.5     35.5      0.0      5.5      0.6     26.1      1   109,   53  /PD_TOP        (1.10)
DR/i_2_4_4/A->ZN         INV_X8                  fr   1600.3     15.0     15.0      0.0     24.6      0.7      4.3      1   109,   53  /PD_TOP        (1.10)
DR/i_2_4_19/A1->ZN       NAND4_X4                rf   1622.1     21.8     21.8      0.0      5.3      0.7      5.0      1   109,   53  /PD_TOP        (1.10)
DR/i_2_4_24/A1->ZN       NOR2_X4                 fr   1648.8     26.7     26.7      0.0     16.1      0.7      4.6      1   109,   53  /PD_TOP        (1.10)
DR/i_2_4_27/A1->ZN       NAND3_X4                rf   1669.4     20.6     20.6      0.0     15.8      0.7      4.9      1   109,   53  /PD_TOP        (1.10)
DR/i_2_4_32/A1->ZN       NOR2_X4                 fr   1693.9     24.5     24.5      0.0     11.2      0.7      4.6      1   109,   53  /PD_TOP        (1.10)
DR/i_2_4_35/A1->ZN       NAND3_X4*               rf   1765.2     71.3     71.3      0.0     15.8     12.9    157.6     20   109,   53  /PD_TOP        (1.10)
DR/i_2_6_7/A1->ZN        NOR2_X4*                fr   1843.6     78.4     78.0      0.4     15.3      3.6     89.1      6   109,   53  /PD_TOP        (1.10)
DR/i_2_18_674/A->ZN      INV_X8                  rf   1850.6      7.0      6.9      0.1     15.3      0.6      4.4      1   109,   53  /PD_TOP        (1.10)
DR/i_2_18_672/A1->ZN     NAND2_X4                fr   1875.5     24.9     24.9      0.0      3.5      0.6     26.0      1   109,   53  /PD_TOP        (1.10)
DR/i_2_18_671/A->ZN      INV_X8                  rf   1885.8     10.3     10.3      0.0     21.5      2.1     13.4      3   109,   53  /PD_TOP        (1.10)
DR/i_2_18_670/A1->ZN     NAND2_X4*               fr   1918.0     32.2     32.2      0.0      4.5      2.8     37.0      4   109,   53  /PD_TOP        (1.10)
DR/i_2_18_664/A->ZN      INV_X8                  rf   1929.1     11.1     11.0      0.1     15.3      3.1     18.6      4   109,   53  /PD_TOP        (1.10)
DR/i_2_18_358/A->ZN      OAI211_X4*              fr   1965.8     36.7     36.6      0.1      5.1      1.5     30.8      2   109,   53  /PD_TOP        (1.10)
DR/i_2_18_359/A->ZN      INV_X8                  rf   1972.9      7.1      7.1      0.0     15.3      0.7      4.9      1   109,   53  /PD_TOP        (1.10)
DR/i_2_18_360/A2->ZN     AOI22_X4*               fr   2039.3     66.4     66.4      0.0      3.5      1.4     31.0      2   109,   53  /PD_TOP        (1.10)
DR/i_2_18_361/A->ZN      INV_X8                  rf   2046.4      7.1      7.1      0.0     15.3      0.7      4.8      1   109,   53  /PD_TOP        (1.10)
DR/i_2_9_2/B2->ZN        AOI22_X4                fr   2118.2     71.8     71.8      0.0      3.5      0.7     26.2      1   109,   53  /PD_TOP        (1.10)
DR/i_2_9_3/A->ZN         INV_X32                 rf   2135.2     17.0     17.0      0.0     50.8      4.7     95.3      7   109,   53  /PD_TOP        (1.10)
DR/i_2_11/i_16/A3->ZN    NAND4_X4                fr   2169.4     34.2     34.1      0.1      6.4      0.7     26.2      1   109,   53  /PD_TOP        (1.10)
DR/i_2_11/i_17/A->ZN     INV_X8                  rf   2176.4      7.0      7.0      0.0     27.2      0.6      4.4      1   109,   53  /PD_TOP        (1.10)
DR/i_2_11/i_36/A1->ZN    NAND2_X4                fr   2201.3     24.9     24.9      0.0      3.5      0.6     26.0      1   109,   53  /PD_TOP        (1.10)
DR/i_2_11/i_37/A->ZN     INV_X8                  rf   2213.8     12.5     12.5      0.0     21.5      3.0     21.2      5   109,   53  /PD_TOP        (1.10)
DR/i_2_11/i_28/A1->ZN    NAND2_X4                fr   2239.7     25.9     25.8      0.1      5.4      0.6     26.0      1   109,   53  /PD_TOP        (1.10)
DR/i_2_11/i_29/A->ZN     INV_X8                  rf   2246.6      6.9      6.9      0.0     21.5      0.6      3.7      1   109,   53  /PD_TOP        (1.10)
DR/i_2_11/i_58/A->ZN     XNOR2_X2*               fr   2336.7     90.1     90.1      0.0      3.4      1.2     30.4      2   109,   53  /PD_TOP        (1.10)
DR/i_2_12/i_28/A->ZN     INV_X8                  rf   2343.6      6.9      6.9      0.0     15.3      0.6      4.4      1   109,   53  /PD_TOP        (1.10)
DR/i_2_12/i_27/A1->ZN    NAND2_X4                fr   2355.2     11.6     11.6      0.0      3.5      0.6      4.4      1   109,   53  /PD_TOP        (1.10)
DR/i_2_12/i_26/A1->ZN    NAND2_X4                rf   2379.4     24.2     24.2      0.0      9.6      0.6     26.0      1   109,   53  /PD_TOP        (1.10)
DR/i_2_12/i_25/A->ZN     INV_X8                  fr   2392.2     12.8     12.8      0.0     15.9      0.7      4.4      1   109,   53  /PD_TOP        (1.10)
DR/i_2_12/i_9/A2->ZN     NAND4_X4                rf   2439.8     47.6     47.6      0.0      5.3      0.7     26.2      1   109,   53  /PD_TOP        (1.10)
DR/i_2_12/i_8/A->ZN      INV_X32                 fr   2466.9     27.1     27.1      0.0     33.9      4.0     70.9      6   109,   53  /PD_TOP        (1.10)
DR/i_2_17_110/A->ZN      INV_X32                 rf   2476.1      9.2      9.1      0.1     10.2      7.2     46.7     10   109,   53  /PD_TOP        (1.10)
DR/i_2_17_77/A1->ZN      NAND3_X4                fr   2490.4     14.3     14.1      0.2      4.9      0.7      4.4      1   109,   53  /PD_TOP        (1.10)
DR/i_2_17_82/A1->ZN      NAND2_X4                rf   2515.7     25.3     25.3      0.0     12.3      0.6     26.0      1   109,   53  /PD_TOP        (1.10)
DR/i_2_17_83/A->ZN       INV_X8                  fr   2530.6     14.9     14.9      0.0     15.9      8.0      9.2      1   109,   53  /PD_TOP        (1.10)
DR/RAM_Address_reg[8]/D  DFF_X1#                  r   2531.7      1.1               1.1      6.5                             51,   57  /PD_TOP        (1.10)
------------------------------------------------------------------------------------------------------------------------------------------------------------
Report for group I2R
------------------------------------------------------------------------------------------------------------------------------------------------------------
Startpoint: CPU_Bus[24]
    (Clocked by rtDefaultClock R)
Endpoint: DR/RAM_Address_reg[8]/D
    (Clocked by sysclk R)
Path Group: I2R
Data required time: 2569.1
    (Clock shift: 2600.0, minus Uncertainty: 0.0, plus Latency 0.0, minus Setup time: 30.9)
Data arrival time: 2550.2
Slack: 18.9
Logic depth: 69
------------------------------------------------------------------------------------------------------------------------------------------------------------
                                                     Arrival               Arc      Net               Net    Total   fan-                                   
Path                     Module/Cell           Edge     Time    Delay    Delay    Delay     Slew     Load     Load    out     Location Power Domain      (V)
                                                        (ps)     (ps)     (ps)     (ps)     (ps)     (ff)     (ff)    (#)      (um,um)                      
------------------------------------------------------------------------------------------------------------------------------------------------------------
CPU_Bus[24]              {set_input_delay}        f    700.0    700.0    700.0                       66.1    541.2     34   253,  144                       
DR/i_257_18_7/A->ZN      INV_X8                  fr    733.3     29.3     29.3      0.0    100.0      0.6      4.4      1   136,  145  /PD_TOP        (1.10)
DR/i_257_18_6/A1->ZN     NAND2_X4                rf    744.5     11.2     11.2      0.0      5.3      0.7      4.9      1   136,  145  /PD_TOP        (1.10)
DR/i_257_18_5/A2->ZN     NAND3_X4                fr    762.5     18.0     18.0      0.0      7.2      0.7      5.0      1   136,  145  /PD_TOP        (1.10)
DR/i_257_18_4/A2->ZN     NAND3_X4                rf    784.5     22.0     22.0      0.0     12.6      0.7      5.0      1   136,  145  /PD_TOP        (1.10)
DR/i_257_18_3/A2->ZN     NAND3_X4                fr    804.5     20.0     20.0      0.0     11.2      0.7      5.0      1   136,  145  /PD_TOP        (1.10)
DR/i_257_18_2/A2->ZN     NAND3_X4                rf    826.2     21.7     21.7      0.0     12.6      0.7      4.6      1   136,  145  /PD_TOP        (1.10)
DR/i_257_18_1/A2->ZN     NAND2_X4                fr    857.2     31.0     31.0      0.0     11.0      0.6     26.0      1   136,  145  /PD_TOP        (1.10)
DR/i_257_18_0/A->ZN      INV_X32                 rf    874.0     16.8     16.8      0.0     21.5     35.2    140.6     32   136,  145  /PD_TOP        (1.10)
DR/i_257_76_68/A1->ZN    NAND2_X4                fr    888.6     18.6     14.0      4.6      7.7      0.7      5.1      1   136,  145  /PD_TOP        (1.10)
DR/i_257_76_69/A3->ZN    NAND3_X4                rf    910.3     21.7     21.7      0.0      9.9      0.7      4.9      1   136,  145  /PD_TOP        (1.10)
DR/i_257_76_126/A1->ZN   NOR2_X4                 fr    934.8     24.5     24.5      0.0     11.2      0.7      4.6      1   136,  145  /PD_TOP        (1.10)
DR/i_257_76_243/A1->ZN   NAND3_X4                rf    971.1     36.3     36.3      0.0     15.8      0.6     26.1      1   136,  145  /PD_TOP        (1.10)
DR/i_257_76_244/A->ZN    INV_X8                  fr    986.1     15.0     15.0      0.0     24.6      0.6      4.4      1   136,  145  /PD_TOP        (1.10)
DR/i_257_76_610/A1->ZN   NAND2_X4                rf   1005.2     19.1     19.1      0.0      5.3     15.5     19.7      1   136,  145  /PD_TOP        (1.10)
DR/i_2_10_0/A2->ZN       AOI22_X4                fr   1075.3     70.1     66.1      4.0     13.2      0.7     26.2      1   109,   53  /PD_TOP        (1.10)
DR/i_2_10_1/A->ZN        INV_X8                  rf   1085.4     10.1     10.1      0.0     50.8      1.9     11.9      3   109,   53  /PD_TOP        (1.10)
DR/i_2_13/i_102/A1->ZN   NAND2_X4                fr   1102.8     17.4     17.4      0.0      4.3      2.0     13.2      3   109,   53  /PD_TOP        (1.10)
DR/i_2_13/i_100/B1->ZN   AOI21_X4                rf   1120.7     17.9     17.9      0.0     14.2      1.4      8.4      2   109,   53  /PD_TOP        (1.10)
DR/i_2_13/i_145/A->ZN    OAI21_X4                fr   1144.1     23.4     23.4      0.0      9.4      1.4      9.4      2   109,   53  /PD_TOP        (1.10)
DR/i_2_13/i_142/A2->ZN   NAND3_X4*               rf   1188.3     44.2     44.2      0.0     24.3      1.5     29.5      2   109,   53  /PD_TOP        (1.10)
DR/i_2_13/i_141/A->ZN    OAI221_X2               fr   1221.9     33.6     33.6      0.0     15.3      1.5      9.2      2   109,   53  /PD_TOP        (1.10)
DR/i_2_13/i_138/A1->ZN   NAND3_X4                rf   1254.7     32.8     32.8      0.0     52.7      1.4      9.1      2   109,   53  /PD_TOP        (1.10)
DR/i_2_13/i_137/A1->ZN   NAND3_X4*               fr   1301.6     46.9     46.9      0.0     13.8      1.9     56.8      3   109,   53  /PD_TOP        (1.10)
DR/i_2_13/i_136/A->ZN    INV_X8                  rf   1308.6      7.0      7.0      0.0     15.3      0.6      4.5      1   109,   53  /PD_TOP        (1.10)
DR/i_2_13/i_135/A2->ZN   NAND2_X4                fr   1335.9     27.3     27.3      0.0      3.5      0.6     26.0      1   109,   53  /PD_TOP        (1.10)
DR/i_2_13/i_134/A->ZN    INV_X8                  rf   1347.6     11.7     11.7      0.0     21.5      2.7     18.1      4   109,   53  /PD_TOP        (1.10)
DR/i_2_13/i_131/A1->ZN   NAND4_X4*               fr   1379.4     31.8     31.8      0.0      5.0      1.4     30.8      2   109,   53  /PD_TOP        (1.10)
DR/i_2_13/i_129/A->ZN    INV_X8                  rf   1388.9      9.5      9.5      0.0     15.3      1.9     12.7      3   109,   53  /PD_TOP        (1.10)
DR/i_2_13/i_128/A->ZN    XNOR2_X2                fr   1474.3     85.4     85.4      0.0      4.4      0.6     26.0      1   109,   53  /PD_TOP        (1.10)
DR/i_2_13/i_127/A->ZN    INV_X8                  rf   1479.4      5.1      5.1      0.0     73.7      0.7      4.9      1   109,   53  /PD_TOP        (1.10)
DR/i_2_2_26/A2->ZN       AOI22_X4                fr   1541.8     62.4     62.4      0.0      3.5      0.7     26.2      1   109,   53  /PD_TOP        (1.10)
DR/i_2_2_27/A->ZN        INV_X8                  rf   1558.9     17.1     17.1      0.0     50.8      1.1     28.8      2   109,   53  /PD_TOP        (1.10)
DR/i_2_4_1/A->ZN         INV_X8                  fr   1568.3      9.4      9.4      0.0      6.3      0.6      4.9      1   109,   53  /PD_TOP        (1.10)
DR/i_2_4_3/A2->ZN        NAND3_X4                rf   1603.8     35.5     35.5      0.0      5.5      0.6     26.1      1   109,   53  /PD_TOP        (1.10)
DR/i_2_4_4/A->ZN         INV_X8                  fr   1618.8     15.0     15.0      0.0     24.6      0.7      4.3      1   109,   53  /PD_TOP        (1.10)
DR/i_2_4_19/A1->ZN       NAND4_X4                rf   1640.6     21.8     21.8      0.0      5.3      0.7      5.0      1   109,   53  /PD_TOP        (1.10)
DR/i_2_4_24/A1->ZN       NOR2_X4                 fr   1667.3     26.7     26.7      0.0     16.1      0.7      4.6      1   109,   53  /PD_TOP        (1.10)
DR/i_2_4_27/A1->ZN       NAND3_X4                rf   1687.9     20.6     20.6      0.0     15.8      0.7      4.9      1   109,   53  /PD_TOP        (1.10)
DR/i_2_4_32/A1->ZN       NOR2_X4                 fr   1712.4     24.5     24.5      0.0     11.2      0.7      4.6      1   109,   53  /PD_TOP        (1.10)
DR/i_2_4_35/A1->ZN       NAND3_X4*               rf   1783.7     71.3     71.3      0.0     15.8     12.9    157.6     20   109,   53  /PD_TOP        (1.10)
DR/i_2_6_7/A1->ZN        NOR2_X4*                fr   1862.1     78.4     78.0      0.4     15.3      3.6     89.1      6   109,   53  /PD_TOP        (1.10)
DR/i_2_18_674/A->ZN      INV_X8                  rf   1869.1      7.0      6.9      0.1     15.3      0.6      4.4      1   109,   53  /PD_TOP        (1.10)
DR/i_2_18_672/A1->ZN     NAND2_X4                fr   1894.0     24.9     24.9      0.0      3.5      0.6     26.0      1   109,   53  /PD_TOP        (1.10)
DR/i_2_18_671/A->ZN      INV_X8                  rf   1904.3     10.3     10.3      0.0     21.5      2.1     13.4      3   109,   53  /PD_TOP        (1.10)
DR/i_2_18_670/A1->ZN     NAND2_X4*               fr   1936.5     32.2     32.2      0.0      4.5      2.8     37.0      4   109,   53  /PD_TOP        (1.10)
DR/i_2_18_664/A->ZN      INV_X8                  rf   1947.6     11.1     11.0      0.1     15.3      3.1     18.6      4   109,   53  /PD_TOP        (1.10)
DR/i_2_18_358/A->ZN      OAI211_X4*              fr   1984.3     36.7     36.6      0.1      5.1      1.5     30.8      2   109,   53  /PD_TOP        (1.10)
DR/i_2_18_359/A->ZN      INV_X8                  rf   1991.4      7.1      7.1      0.0     15.3      0.7      4.9      1   109,   53  /PD_TOP        (1.10)
DR/i_2_18_360/A2->ZN     AOI22_X4*               fr   2057.8     66.4     66.4      0.0      3.5      1.4     31.0      2   109,   53  /PD_TOP        (1.10)
DR/i_2_18_361/A->ZN      INV_X8                  rf   2064.9      7.1      7.1      0.0     15.3      0.7      4.8      1   109,   53  /PD_TOP        (1.10)
DR/i_2_9_2/B2->ZN        AOI22_X4                fr   2136.7     71.8     71.8      0.0      3.5      0.7     26.2      1   109,   53  /PD_TOP        (1.10)
DR/i_2_9_3/A->ZN         INV_X32                 rf   2153.7     17.0     17.0      0.0     50.8      4.7     95.3      7   109,   53  /PD_TOP        (1.10)
DR/i_2_11/i_16/A3->ZN    NAND4_X4                fr   2187.9     34.2     34.1      0.1      6.4      0.7     26.2      1   109,   53  /PD_TOP        (1.10)
DR/i_2_11/i_17/A->ZN     INV_X8                  rf   2194.9      7.0      7.0      0.0     27.2      0.6      4.4      1   109,   53  /PD_TOP        (1.10)
DR/i_2_11/i_36/A1->ZN    NAND2_X4                fr   2219.8     24.9     24.9      0.0      3.5      0.6     26.0      1   109,   53  /PD_TOP        (1.10)
DR/i_2_11/i_37/A->ZN     INV_X8                  rf   2232.3     12.5     12.5      0.0     21.5      3.0     21.2      5   109,   53  /PD_TOP        (1.10)
DR/i_2_11/i_28/A1->ZN    NAND2_X4                fr   2258.2     25.9     25.8      0.1      5.4      0.6     26.0      1   109,   53  /PD_TOP        (1.10)
DR/i_2_11/i_29/A->ZN     INV_X8                  rf   2265.1      6.9      6.9      0.0     21.5      0.6      3.7      1   109,   53  /PD_TOP        (1.10)
DR/i_2_11/i_58/A->ZN     XNOR2_X2*               fr   2355.2     90.1     90.1      0.0      3.4      1.2     30.4      2   109,   53  /PD_TOP        (1.10)
DR/i_2_12/i_28/A->ZN     INV_X8                  rf   2362.1      6.9      6.9      0.0     15.3      0.6      4.4      1   109,   53  /PD_TOP        (1.10)
DR/i_2_12/i_27/A1->ZN    NAND2_X4                fr   2373.7     11.6     11.6      0.0      3.5      0.6      4.4      1   109,   53  /PD_TOP        (1.10)
DR/i_2_12/i_26/A1->ZN    NAND2_X4                rf   2397.9     24.2     24.2      0.0      9.6      0.6     26.0      1   109,   53  /PD_TOP        (1.10)
DR/i_2_12/i_25/A->ZN     INV_X8                  fr   2410.7     12.8     12.8      0.0     15.9      0.7      4.4      1   109,   53  /PD_TOP        (1.10)
DR/i_2_12/i_9/A2->ZN     NAND4_X4                rf   2458.3     47.6     47.6      0.0      5.3      0.7     26.2      1   109,   53  /PD_TOP        (1.10)
DR/i_2_12/i_8/A->ZN      INV_X32                 fr   2485.4     27.1     27.1      0.0     33.9      4.0     70.9      6   109,   53  /PD_TOP        (1.10)
DR/i_2_17_110/A->ZN      INV_X32                 rf   2494.6      9.2      9.1      0.1     10.2      7.2     46.7     10   109,   53  /PD_TOP        (1.10)
DR/i_2_17_77/A1->ZN      NAND3_X4                fr   2508.9     14.3     14.1      0.2      4.9      0.7      4.4      1   109,   53  /PD_TOP        (1.10)
DR/i_2_17_82/A1->ZN      NAND2_X4                rf   2534.2     25.3     25.3      0.0     12.3      0.6     26.0      1   109,   53  /PD_TOP        (1.10)
DR/i_2_17_83/A->ZN       INV_X8                  fr   2549.1     14.9     14.9      0.0     15.9      8.0      9.2      1   109,   53  /PD_TOP        (1.10)
DR/RAM_Address_reg[8]/D  DFF_X1#                  r   2550.2      1.1               1.1      6.5                             51,   57  /PD_TOP        (1.10)
------------------------------------------------------------------------------------------------------------------------------------------------------------
Report for group I2O
Report for group R2O
------------------------------------------------------------------------------------------------------------------------------------------------------------
Startpoint: RS/CPU_Bus_reg[3]/Q
    (Clocked by sysclk R)
Endpoint: CPU_Bus[3]
    (Clocked by vsysclk R)
Path Group: R2O
Data required time: 1820.0
    (Clock shift: 2600.0, minus Uncertainty: 0.0, plus Latency 0.0, minus Out delay: 780.0)
Data arrival time: 220.3
Slack: 1599.7
Logic depth: 0
------------------------------------------------------------------------------------------------------------------------------------------------------------
                                                     Arrival               Arc      Net               Net    Total   fan-                                   
Path                     Module/Cell           Edge     Time    Delay    Delay    Delay     Slew     Load     Load    out     Location Power Domain      (V)
                                                        (ps)     (ps)     (ps)     (ps)     (ps)     (ff)     (ff)    (#)      (um,um)                      
------------------------------------------------------------------------------------------------------------------------------------------------------------
CLK                      {create_clock}           r      0.0      0.0      0.0                        0.0      0.0     86     0,   82                       
RS/CPU_Bus_reg[3]/CK->Q  DFF_X1*                 rr    202.6    202.6    202.6      0.0      0.0     47.4    573.4     36    51,  195  /PD_TOP        (1.10)
CPU_Bus[3]                                        r    220.3     17.7              17.7     15.3                            253,  146                       
------------------------------------------------------------------------------------------------------------------------------------------------------------
