Report End Points: 
-----+-------+------+-------+-------+------+-----+------+--------------+---------------------
     |Group  |Launch|Capture|Shift  |Delay |Depth|Slack |Begin Point   |End Point            
-----+-------+------+-------+-------+------+-----+------+--------------+---------------------
1    |default|sysclk|sysclk |10000.0|4013.6|   91|5800.9|h_val_reg[0]/Q|RAM_DATA_WR_reg[12]/D
2    |default|sysclk|sysclk |10000.0|3949.5|   84|5835.9|h_val_reg[0]/Q|RAM_DATA_WR_reg[10]/D
3    |default|sysclk|sysclk |10000.0|3973.5|   90|5840.2|h_val_reg[0]/Q|RAM_DATA_WR_reg[11]/D
-----+-------+------+-------+-------+------+-----+------+--------------+---------------------
Report End Points: 
-----+-----+--------------+-------+------+------+-----+-----+----------------+------------------------
     |Group|Launch        |Capture|Shift |Delay |Depth|Slack|Begin Point     |End Point               
-----+-----+--------------+-------+------+------+-----+-----+----------------+------------------------
1    |I2R  |rtDefaultClock|sysclk |5000.0|4052.4|   82|208.4|RAM_DATA_RD2[15]|RAM_DATA_WR_reg[12]/D   
2    |I2R  |rtDefaultClock|sysclk |5000.0|4049.2|   90|212.8|RAM_DATA_RD2[0] |RAM_DATA_WR_reg[10]/D   
3    |I2R  |rtDefaultClock|sysclk |5000.0|4018.3|   90|243.7|RAM_DATA_RD2[0] |Element_Result_reg[10]/D
-----+-----+--------------+-------+------+------+-----+-----+----------------+------------------------
Report End Points: 
-----+-----+------+-------+-----+-----+-----+-----+-----------+---------
     |Group|Launch|Capture|Shift|Delay|Depth|Slack|Begin Point|End Point
-----+-----+------+-------+-----+-----+-----+-----+-----------+---------
1    |I2O  |      |       |     |     |     |     |           |         
-----+-----+------+-------+-----+-----+-----+-----+-----------+---------
Report End Points: 
-----+-----+------+-------+------+-----+-----+-----+---------------------+---------------
     |Group|Launch|Capture|Shift |Delay|Depth|Slack|Begin Point          |End Point      
-----+-----+------+-------+------+-----+-----+-----+---------------------+---------------
1    |R2O  |sysclk|vsysclk|1000.0|  8.4|    0|541.5|RAM_ADD_RD1_reg[12]/Q|RAM_ADD_RD1[12]
2    |R2O  |sysclk|vsysclk|1000.0|  8.4|    0|541.5|RAM_ADD_RD1_reg[9]/Q |RAM_ADD_RD1[9] 
3    |R2O  |sysclk|vsysclk|1000.0|  8.4|    0|541.5|RAM_ADD_RD1_reg[5]/Q |RAM_ADD_RD1[5] 
-----+-----+------+-------+------+-----+-----+-----+---------------------+---------------
