Report for group default
------------------------------------------------------------------------------------------------------------------------------------------------------------
Startpoint: h_val_reg[0]/Q
    (Clocked by sysclk F)
Endpoint: RAM_DATA_WR_reg[12]/D
    (Clocked by sysclk F)
Path Group: default
Data required time: 9960.8
    (Clock shift: 10000.0, minus Uncertainty: 0.0, plus Latency 0.0, minus Setup time: 39.2)
Data arrival time: 4159.9
Slack: 5800.9
Logic depth: 91
------------------------------------------------------------------------------------------------------------------------------------------------------------
                                                     Arrival               Arc      Net               Net    Total   fan-                                   
Path                     Module/Cell           Edge     Time    Delay    Delay    Delay     Slew     Load     Load    out     Location Power Domain      (V)
                                                        (ps)     (ps)     (ps)     (ps)     (ps)     (ff)     (ff)    (#)      (um,um)                      
------------------------------------------------------------------------------------------------------------------------------------------------------------
CLK                      {create_clock}           f      0.0      0.0      0.0                        0.0      0.0      1   103,  172                       
i_0_0_989/A->ZN          INV_X1                  fr      0.0      0.0      0.0      0.0      0.0      0.0      0.0    305    61,   61  /PD_TOP        (1.10)
h_val_reg[0]/CK->Q       DFF_X1*                 rf    146.3    146.3    146.3      0.0      0.0      8.3    149.9     28    61,   61  /PD_TOP        (1.10)
h_MUL/mult/i_0_565/A->ZN INV_X8                  fr    159.9     12.6     12.6      0.0     15.3      0.6      4.5      1    64,  115  /PD_TOP        (1.10)
h_MUL/mult/i_0_564/A2->ZN
                         NAND2_X4*               rf    187.3     27.4     27.4      0.0      5.3      1.3     30.9      2    64,  115  /PD_TOP        (1.10)
h_MUL/mult/i_0_563/A->ZN INV_X8                  fr    201.8     14.5     14.5      0.0     15.3      1.3      8.9      2    64,  115  /PD_TOP        (1.10)
h_MUL/mult/i_0_562/A1->ZN
                         NAND2_X4*               rf    228.0     26.2     26.2      0.0      6.4      1.3     30.9      2    64,  115  /PD_TOP        (1.10)
h_MUL/mult/i_0_561/A->ZN INV_X8                  fr    242.5     14.5     14.5      0.0     15.3      1.3      8.9      2    64,  115  /PD_TOP        (1.10)
h_MUL/mult/i_0_560/A1->ZN
                         NAND2_X4*               rf    268.4     25.9     25.9      0.0      6.4      1.2     30.4      2    64,  115  /PD_TOP        (1.10)
h_MUL/mult/i_0_553/A->ZN INV_X8                  fr    282.9     14.5     14.5      0.0     15.3      1.3      8.9      2    64,  115  /PD_TOP        (1.10)
h_MUL/mult/i_0_552/A1->ZN
                         NAND2_X4*               rf    311.0     28.1     28.1      0.0      6.4      1.8     34.1      3    64,  115  /PD_TOP        (1.10)
h_MUL/mult/i_0_551/A->ZN INV_X8                  fr    323.5     12.5     12.5      0.0     15.3      0.6      4.4      1    64,  115  /PD_TOP        (1.10)
h_MUL/mult/i_0_550/A1->ZN
                         NAND2_X4*               rf    349.0     25.5     25.5      0.0      5.3      1.2     30.4      2    64,  115  /PD_TOP        (1.10)
h_MUL/mult/i_0_549/A->ZN INV_X8                  fr    361.5     12.5     12.5      0.0     15.3      0.6      4.4      1    64,  115  /PD_TOP        (1.10)
h_MUL/mult/i_0_548/A1->ZN
                         NAND2_X4*               rf    389.6     28.1     28.1      0.0      5.3      1.8     34.8      3    64,  115  /PD_TOP        (1.10)
h_MUL/mult/i_0_547/A->ZN INV_X8                  fr    402.1     12.5     12.5      0.0     15.3      0.6      4.4      1    64,  115  /PD_TOP        (1.10)
h_MUL/mult/i_0_546/A1->ZN
                         NAND2_X4*               rf    430.2     28.1     28.1      0.0      5.3      1.8     34.8      3    64,  115  /PD_TOP        (1.10)
h_MUL/mult/i_0_545/A->ZN INV_X8                  fr    442.7     12.5     12.5      0.0     15.3      0.6      4.4      1    64,  115  /PD_TOP        (1.10)
h_MUL/mult/i_0_544/A1->ZN
                         NAND2_X4*               rf    469.8     27.1     27.1      0.0      5.3      1.8     33.0      3    64,  115  /PD_TOP        (1.10)
h_MUL/mult/i_0_519/A1->ZN
                         AND2_X4*                ff    537.5     67.7     67.7      0.0     15.3     15.3    118.5     21    64,  115  /PD_TOP        (1.10)
h_MUL/mult/i_2/i_70/A1->ZN
                         NOR2_X4                 fr    568.1     31.6     30.1      1.5     15.3      1.2      7.6      2    64,  115  /PD_TOP        (1.10)
h_MUL/mult/i_2/i_68/A1->ZN
                         OR2_X4                  rr    592.6     24.5     24.5      0.0     19.2      0.7      4.3      1    64,  115  /PD_TOP        (1.10)
h_MUL/mult/i_2/i_67/A1->ZN
                         NAND4_X4*               rf    639.1     46.5     46.5      0.0      6.8      1.4     30.5      2    64,  115  /PD_TOP        (1.10)
h_MUL/mult/i_2/i_21/B->ZN
                         XNOR2_X2                ff    681.3     42.2     42.2      0.0     15.3      0.6      4.4      1    64,  115  /PD_TOP        (1.10)
h_MUL/mult/i_0_481/A1->ZN
                         NAND2_X4                fr    695.8     14.5     14.5      0.0     11.3      0.8      3.4      1    64,  115  /PD_TOP        (1.10)
h_MUL/mult/i_0_480/A->ZN OAI221_X2               rf    754.2     58.4     58.4      0.0      9.1      3.5     20.2      5    64,  115  /PD_TOP        (1.10)
h_MUL/mult/i_6/i_73/A2->ZN
                         NOR2_X4                 fr    804.9     50.7     50.6      0.1     39.7      1.9     12.5      3    64,  115  /PD_TOP        (1.10)
h_MUL/mult/i_6/i_70/A1->ZN
                         OR3_X4                  rr    835.0     30.1     30.1      0.0     24.9      1.5      9.5      2    64,  115  /PD_TOP        (1.10)
h_MUL/mult/i_6/i_68/A1->ZN
                         NOR3_X4                 rf    844.4      9.4      9.4      0.0      9.8      0.8      4.6      1    64,  115  /PD_TOP        (1.10)
h_MUL/mult/i_6/i_60/A4->ZN
                         NOR4_X4                 fr    948.9    104.5    104.5      0.0      6.7      2.2     13.2      3    64,  115  /PD_TOP        (1.10)
h_MUL/mult/i_6/i_29/B1->ZN
                         AOI21_X4*               rf    992.7     43.8     43.8      0.0     64.3      1.3     30.0      2    64,  115  /PD_TOP        (1.10)
h_MUL/mult/i_6/i_28/A->ZN
                         INV_X8                  fr   1005.4     12.7     12.7      0.0     15.3      0.6      4.8      1    64,  115  /PD_TOP        (1.10)
h_MUL/mult/i_6/i_27/B2->ZN
                         AOI21_X4                rf   1021.4     16.0     16.0      0.0      5.4      1.5      8.8      2    64,  115  /PD_TOP        (1.10)
h_MUL/mult/i_6/i_22/A->Z XOR2_X2                 ff   1073.4     52.0     52.0      0.0      9.5      0.8      3.1      1    64,  115  /PD_TOP        (1.10)
h_MUL/mult/i_0_489/B1->ZN
                         AOI222_X4               fr   1208.0    134.6    134.6      0.0     11.9      0.8     26.2      1    64,  115  /PD_TOP        (1.10)
h_MUL/mult/i_0_488/A->ZN INV_X8                  rf   1222.8     14.8     14.8      0.0     18.6      4.7     31.6      7    64,  115  /PD_TOP        (1.10)
h_MUL/mult/i_10/i_58/A2->ZN
                         NOR2_X4                 fr   1259.8     37.0     36.9      0.1      6.6      2.1     12.0      3    64,  115  /PD_TOP        (1.10)
h_MUL/mult/i_10/i_26/A->ZN
                         AOI21_X4                rf   1276.3     16.5     16.5      0.0     24.3      0.7      4.1      1    64,  115  /PD_TOP        (1.10)
h_MUL/mult/i_10/i_21/B->Z
                         XOR2_X2                 ff   1332.7     56.4     56.4      0.0      7.7      0.8      3.1      1    64,  115  /PD_TOP        (1.10)
h_MUL/mult/i_0_451/B1->ZN
                         AOI222_X4               fr   1467.3    134.6    134.6      0.0     11.9      0.8     26.2      1    64,  115  /PD_TOP        (1.10)
h_MUL/mult/i_0_409/A->ZN INV_X8                  rf   1481.3     14.0     14.0      0.0     18.6      3.9     28.1      6    64,  115  /PD_TOP        (1.10)
h_MUL/mult/i_14/i_55/A2->ZN
                         NOR2_X4                 fr   1520.4     39.1     39.0      0.1      6.2      2.1     13.8      3    64,  115  /PD_TOP        (1.10)
h_MUL/mult/i_14/i_30/A->ZN
                         AOI21_X4                rf   1537.3     16.9     16.9      0.0     26.4      0.7      4.4      1    64,  115  /PD_TOP        (1.10)
h_MUL/mult/i_14/i_20/B->ZN
                         XNOR2_X2                fr   1629.6     92.3     92.3      0.0      7.8      0.6     26.0      1    64,  115  /PD_TOP        (1.10)
h_MUL/mult/i_0_376/A->ZN INV_X8                  rf   1634.6      5.0      5.0      0.0     73.7      0.6      4.7      1    64,  115  /PD_TOP        (1.10)
h_MUL/mult/i_0_374/B1->ZN
                         OAI21_X4                fr   1670.8     36.2     36.2      0.0      3.5      2.4     13.2      3    64,  115  /PD_TOP        (1.10)
h_MUL/mult/i_1_6/B->S    FA_X1                   rf   1807.9    137.1    137.1      0.0     28.7      0.7     26.2      1    64,  115  /PD_TOP        (1.10)
h_MUL/mult/i_0_330/A->ZN INV_X8                  fr   1826.7     18.8     18.8      0.0     39.6      0.6      4.7      1    64,  115  /PD_TOP        (1.10)
h_MUL/mult/i_0_328/B1->ZN
                         OAI21_X4                rf   1843.7     17.0     17.0      0.0      5.4      2.4     13.2      3    64,  115  /PD_TOP        (1.10)
h_MUL/mult/i_1_31/B->S   FA_X1                   fr   2020.6    176.9    176.9      0.0     13.1      0.7     26.2      1    64,  115  /PD_TOP        (1.10)
h_MUL/mult/i_0_282/A->ZN INV_X8                  rf   2026.2      5.6      5.6      0.0     63.9      0.6      4.7      1    64,  115  /PD_TOP        (1.10)
h_MUL/mult/i_0_280/B1->ZN
                         OAI21_X4                fr   2062.8     36.6     36.6      0.0      3.5      2.4     13.5      3    64,  115  /PD_TOP        (1.10)
h_MUL/mult/i_1_56/B->S   FA_X1                   rf   2200.0    137.2    137.2      0.0     29.1      0.7     26.2      1    64,  115  /PD_TOP        (1.10)
h_MUL/mult/i_0_239/A->ZN INV_X8                  fr   2218.8     18.8     18.8      0.0     39.6      0.6      4.7      1    64,  115  /PD_TOP        (1.10)
h_MUL/mult/i_0_237/B1->ZN
                         OAI21_X4                rf   2235.8     17.0     17.0      0.0      5.4      2.4     13.2      3    64,  115  /PD_TOP        (1.10)
h_MUL/mult/i_1_90/B->CO  FA_X1                   ff   2317.6     81.8     81.8      0.0     13.1      0.8      3.6      1    64,  115  /PD_TOP        (1.10)
h_MUL/mult/i_1_91/CI->S  FA_X1                   fr   2486.9    169.3    169.3      0.0     15.9      0.7     26.2      1    64,  115  /PD_TOP        (1.10)
h_MUL/mult/i_0_203/A->ZN INV_X8                  rf   2492.5      5.6      5.6      0.0     63.9      0.6      4.7      1    64,  115  /PD_TOP        (1.10)
h_MUL/mult/i_0_201/B1->ZN
                         OAI21_X4                fr   2528.7     36.2     36.2      0.0      3.5      2.4     13.2      3    64,  115  /PD_TOP        (1.10)
h_MUL/mult/i_1_111/B->S  FA_X1                   rf   2665.8    137.1    137.1      0.0     28.7      0.7     26.2      1    64,  115  /PD_TOP        (1.10)
h_MUL/mult/i_0_166/A->ZN INV_X8                  fr   2684.6     18.8     18.8      0.0     39.6      0.6      4.7      1    64,  115  /PD_TOP        (1.10)
h_MUL/mult/i_0_164/B1->ZN
                         OAI21_X4                rf   2701.6     17.0     17.0      0.0      5.4      2.4     13.2      3    64,  115  /PD_TOP        (1.10)
h_MUL/mult/i_1_129/B->CO FA_X1                   ff   2783.4     81.8     81.8      0.0     13.1      0.8      3.6      1    64,  115  /PD_TOP        (1.10)
h_MUL/mult/i_1_130/CI->CO
                         FA_X1                   ff   2857.6     74.2     74.2      0.0     15.9      0.8      3.6      1    64,  115  /PD_TOP        (1.10)
h_MUL/mult/i_1_131/CI->S FA_X1                   fr   3026.9    169.3    169.3      0.0     15.9      0.7     26.2      1    64,  115  /PD_TOP        (1.10)
h_MUL/mult/i_0_139/A->ZN INV_X8                  rf   3032.5      5.6      5.6      0.0     63.9      0.6      4.7      1    64,  115  /PD_TOP        (1.10)
h_MUL/mult/i_0_137/B1->ZN
                         OAI21_X4                fr   3069.1     36.6     36.6      0.0      3.5      2.4     13.5      3    64,  115  /PD_TOP        (1.10)
h_MUL/mult/i_1_147/B->S  FA_X1                   rf   3206.3    137.2    137.2      0.0     29.1      0.7     26.2      1    64,  115  /PD_TOP        (1.10)
h_MUL/mult/i_0_105/A->ZN INV_X8                  fr   3225.1     18.8     18.8      0.0     39.6      0.6      4.7      1    64,  115  /PD_TOP        (1.10)
h_MUL/mult/i_0_103/B1->ZN
                         OAI21_X4                rf   3242.1     17.0     17.0      0.0      5.4      2.4     13.2      3    64,  115  /PD_TOP        (1.10)
h_MUL/mult/i_1_154/B->S  FA_X1                   fr   3419.0    176.9    176.9      0.0     13.1      0.7     26.2      1    64,  115  /PD_TOP        (1.10)
h_MUL/mult/i_0_80/A->ZN  INV_X8                  rf   3424.6      5.6      5.6      0.0     63.9      0.6      4.7      1    64,  115  /PD_TOP        (1.10)
h_MUL/mult/i_0_78/B1->ZN OAI21_X4                fr   3465.4     40.8     40.8      0.0      3.5      0.0     16.8      2    64,  115  /PD_TOP        (1.10)
h_MUL/i_0_0_89/B1->ZN    AOI21_X4                rf   3492.9     27.5     26.3      1.2     32.8      2.2     14.2      3   115,  129  /PD_TOP        (1.10)
h_MUL/i_0_0_71/B1->ZN    OAI21_X4                fr   3548.6     55.7     55.7      0.0     11.7      0.6     26.1      1   115,  129  /PD_TOP        (1.10)
h_MUL/i_0_0_70/A->ZN     INV_X8                  rf   3556.7      8.1      8.1      0.0     43.7      1.3      7.3      2   115,  129  /PD_TOP        (1.10)
h_MUL/i_0_0_69/B1->ZN    OAI21_X4*               fr   3623.3     66.6     66.6      0.0      3.8     16.1     51.2      3   115,  129  /PD_TOP        (1.10)
FINAL_RESULT_adder/i_0_161/A1->ZN
                         NOR2_X4                 rf   3637.6     14.3     10.0      4.3     15.3      0.7      4.6      1    61,   61  /PD_TOP        (1.10)
FINAL_RESULT_adder/i_0_160/A->ZN
                         AOI21_X4*               fr   3707.0     69.4     69.4      0.0      5.6      1.4     30.8      2    61,   61  /PD_TOP        (1.10)
FINAL_RESULT_adder/i_0_24/A->ZN
                         INV_X8                  rf   3714.1      7.1      7.1      0.0     15.3      0.7      4.8      1    61,   61  /PD_TOP        (1.10)
FINAL_RESULT_adder/i_0_70/B1->ZN
                         OAI22_X4                fr   3753.6     39.5     39.5      0.0      3.5      1.8      6.7      2    61,   61  /PD_TOP        (1.10)
FINAL_RESULT_adder/i_0_71/B1->ZN
                         OAI221_X2               rf   3790.9     37.3     37.3      0.0     33.2      0.8      4.8      1    61,   61  /PD_TOP        (1.10)
FINAL_RESULT_adder/i_0_73/A->ZN
                         OAI21_X4                fr   3819.2     28.3     28.3      0.0     19.8      1.3      8.9      2    61,   61  /PD_TOP        (1.10)
FINAL_RESULT_adder/cs0/cla2/i_0_12/B->ZN
                         XNOR2_X2                rr   3868.2     49.0     49.0      0.0     23.8      1.3      9.0      2    61,   61  /PD_TOP        (1.10)
FINAL_RESULT_adder/cs0/cla2/i_0_11/B1->ZN
                         OAI21_X4                rf   3890.6     22.4     22.4      0.0     34.3      1.4      8.4      2    61,   61  /PD_TOP        (1.10)
FINAL_RESULT_adder/cs0/cla2/i_0_10/A->ZN
                         AOI21_X4                fr   3958.6     68.0     68.0      0.0     11.1      0.6     26.1      1    61,   61  /PD_TOP        (1.10)
FINAL_RESULT_adder/cs0/cla2/i_0_9/A->ZN
                         INV_X8                  rf   3965.2      6.6      6.6      0.0     47.2      0.6      4.6      1    61,   61  /PD_TOP        (1.10)
FINAL_RESULT_adder/cs0/cla2/i_0_8/A->ZN
                         OAI21_X4                fr   3985.4     20.2     20.2      0.0      3.5      1.3      8.9      2    61,   61  /PD_TOP        (1.10)
FINAL_RESULT_adder/cs0/cla2/i_0_7/A2->ZN
                         NOR2_X4                 rf   3998.3     12.9     12.9      0.0     23.7      0.7      4.6      1    61,   61  /PD_TOP        (1.10)
FINAL_RESULT_adder/cs0/cla2/i_0_6/A->ZN
                         AOI21_X4                fr   4041.9     43.6     43.6      0.0      5.6      1.4      9.1      2    61,   61  /PD_TOP        (1.10)
FINAL_RESULT_adder/cs0/cla2/i_0_0/B1->ZN
                         AOI21_X4                rf   4059.8     17.9     17.9      0.0     27.3      0.7      4.1      1    61,   61  /PD_TOP        (1.10)
FINAL_RESULT_adder/cs0/cla3/i_0_1/B->Z
                         XOR2_X2                 ff   4117.8     58.0     58.0      0.0      7.7      0.7      4.7      1    61,   61  /PD_TOP        (1.10)
i_0_0_435/B1->ZN         AOI21_X4                fr   4145.8     28.0     28.0      0.0     12.8      0.7      4.6      1    61,   61  /PD_TOP        (1.10)
i_0_0_434/A2->ZN         NAND2_X2                rf   4159.9     14.1     14.1      0.0     22.0      0.7      1.8      1    61,   61  /PD_TOP        (1.10)
RAM_DATA_WR_reg[12]/D    DFF_X1                   f   4159.9      0.0               0.0      6.0                             61,   61  /PD_TOP        (1.10)
------------------------------------------------------------------------------------------------------------------------------------------------------------
Report for group I2R
------------------------------------------------------------------------------------------------------------------------------------------------------------
Startpoint: RAM_DATA_RD2[15]
    (Clocked by rtDefaultClock R)
Endpoint: RAM_DATA_WR_reg[12]/D
    (Clocked by sysclk F)
Path Group: I2R
Data required time: 4960.8
    (Clock shift: 5000.0, minus Uncertainty: 0.0, plus Latency 0.0, minus Setup time: 39.2)
Data arrival time: 4752.4
Slack: 208.4
Logic depth: 82
------------------------------------------------------------------------------------------------------------------------------------------------------------
                                                     Arrival               Arc      Net               Net    Total   fan-                                   
Path                     Module/Cell           Edge     Time    Delay    Delay    Delay     Slew     Load     Load    out     Location Power Domain      (V)
                                                        (ps)     (ps)     (ps)     (ps)     (ps)     (ff)     (ff)    (#)      (um,um)                      
------------------------------------------------------------------------------------------------------------------------------------------------------------
RAM_DATA_RD2[15]         {set_input_delay}        f    700.0    700.0    700.0                       24.0    119.7      8   172,  110                       
VEC1_VEC2_adder/i_0_178/A2->ZN
                         NAND2_X4                fr    757.0     57.0     49.7      7.3    100.0      1.2      9.1      2    61,   61  /PD_TOP        (1.10)
VEC1_VEC2_adder/i_0_177/A2->ZN
                         NAND2_X4*               rf    789.4     32.4     32.4      0.0     12.0      2.0     36.0      3    61,   61  /PD_TOP        (1.10)
VEC1_VEC2_adder/i_0_176/A->ZN
                         INV_X8                  fr    804.0     14.6     14.6      0.0     15.3      1.4      9.2      2    61,   61  /PD_TOP        (1.10)
VEC1_VEC2_adder/i_0_161/A1->ZN
                         NAND3_X4                rf    824.0     20.0     20.0      0.0      6.5      1.3      8.8      2    61,   61  /PD_TOP        (1.10)
VEC1_VEC2_adder/i_0_99/A1->ZN
                         NAND2_X4*               fr    880.0     56.0     56.0      0.0     13.6      8.8    100.4     12    61,   61  /PD_TOP        (1.10)
VEC1_VEC2_adder/i_0_98/A->ZN
                         INV_X8                  rf    888.6      8.6      8.3      0.3     15.3      1.3      9.0      2    61,   61  /PD_TOP        (1.10)
VEC1_VEC2_adder/i_0_2/A1->ZN
                         NAND2_X4                fr    913.7     25.1     25.1      0.0      4.0      0.6     26.0      1    61,   61  /PD_TOP        (1.10)
VEC1_VEC2_adder/i_0_1/A->ZN
                         INV_X8                  rf    920.4      6.7      6.7      0.0     21.5      0.8      3.1      1    61,   61  /PD_TOP        (1.10)
VEC1_VEC2_adder/i_0_105/B2->ZN
                         AOI221_X2               fr   1003.6     83.2     83.2      0.0      3.3      0.8      4.7      1    61,   61  /PD_TOP        (1.10)
VEC1_VEC2_adder/i_0_107/A->ZN
                         AOI21_X4                rf   1028.9     25.3     25.3      0.0     49.7      2.1     13.5      3    61,   61  /PD_TOP        (1.10)
VEC1_VEC2_adder/cs0/cla0/i_0_5/A->ZN
                         XNOR2_X2                ff   1067.8     38.9     38.9      0.0     11.4      0.6      4.3      1    61,   61  /PD_TOP        (1.10)
VEC1_VEC2_adder/cs0/cla0/i_0_4/B->ZN
                         XNOR2_X2*               fr   1173.1    105.3    105.3      0.0     11.2      7.5     42.5      3    61,   61  /PD_TOP        (1.10)
h_MUL/mult/i_0_585/A->ZN INV_X8                  rf   1182.6      8.5      8.5      0.0     15.3      1.2      9.6      2    64,  115  /PD_TOP        (1.10)
h_MUL/mult/i_0_458/A1->ZN
                         NOR2_X4*                fr   1252.9     70.3     70.3      0.0      4.0     10.7     74.7     13    64,  115  /PD_TOP        (1.10)
h_MUL/mult/i_0_457/A1->ZN
                         NOR2_X4*                rf   1289.1     36.2     35.8      0.4     15.3     12.7     64.2     15    64,  115  /PD_TOP        (1.10)
h_MUL/mult/i_0_471/C2->ZN
                         AOI222_X4               fr   1442.6    153.5    153.1      0.4     15.3      0.8     26.2      1    64,  115  /PD_TOP        (1.10)
h_MUL/mult/i_0_470/A->ZN INV_X8                  rf   1454.9     12.3     12.3      0.0     18.6      3.5     21.4      5    64,  115  /PD_TOP        (1.10)
h_MUL/mult/i_10/i_7/A1->ZN
                         NAND2_X4                fr   1479.1     25.2     24.1      1.1      5.4      1.9     23.2      3    64,  115  /PD_TOP        (1.10)
h_MUL/mult/i_10/i_14/B->Z
                         XOR2_X2                 rf   1497.5     18.4     18.4      0.0     19.9      0.8      3.1      1    64,  115  /PD_TOP        (1.10)
h_MUL/mult/i_0_435/B1->ZN
                         AOI222_X4               fr   1632.1    134.6    134.6      0.0     11.9      0.8     26.2      1    64,  115  /PD_TOP        (1.10)
h_MUL/mult/i_0_434/A->ZN INV_X8                  rf   1644.4     12.3     12.3      0.0     18.6      3.5     21.4      5    64,  115  /PD_TOP        (1.10)
h_MUL/mult/i_14/i_3/A1->ZN
                         NAND2_X4                fr   1668.6     24.2     24.1      0.1      5.4      1.9     23.2      3    64,  115  /PD_TOP        (1.10)
h_MUL/mult/i_14/i_76/B1->ZN
                         AOI21_X4                rf   1688.7     20.1     20.1      0.0     19.9      1.5      9.2      2    64,  115  /PD_TOP        (1.10)
h_MUL/mult/i_14/i_78/A1->ZN
                         OAI22_X4*               fr   1756.3     67.6     67.6      0.0      9.7      2.1     45.6      3    64,  115  /PD_TOP        (1.10)
h_MUL/mult/i_14/i_95/A->Z
                         BUF_X4                  rr   1777.9     21.6     21.6      0.0     15.3      0.7      4.6      1    64,  115  /PD_TOP        (1.10)
h_MUL/mult/i_14/i_75/A->ZN
                         OAI21_X4                rf   1795.1     17.2     17.2      0.0      6.1      0.7      4.6      1    64,  115  /PD_TOP        (1.10)
h_MUL/mult/i_14/i_74/A2->ZN
                         NAND2_X4                fr   1817.5     22.4     22.4      0.0      9.5      2.0     13.2      3    64,  115  /PD_TOP        (1.10)
h_MUL/mult/i_14/i_8/A->Z XOR2_X2                 rr   1925.5    108.0    108.0      0.0     14.2      0.6     26.0      1    64,  115  /PD_TOP        (1.10)
h_MUL/mult/i_0_364/A->ZN INV_X8                  rf   1930.3      4.8      4.8      0.0     76.9      0.6      4.7      1    64,  115  /PD_TOP        (1.10)
h_MUL/mult/i_0_362/B1->ZN
                         OAI21_X4                fr   1966.5     36.2     36.2      0.0      3.5      2.4     13.2      3    64,  115  /PD_TOP        (1.10)
h_MUL/mult/i_1_2/B->S    FA_X1                   rf   2103.6    137.1    137.1      0.0     28.7      0.7     26.2      1    64,  115  /PD_TOP        (1.10)
h_MUL/mult/i_0_316/A->ZN INV_X8                  fr   2122.4     18.8     18.8      0.0     39.6      0.6      4.7      1    64,  115  /PD_TOP        (1.10)
h_MUL/mult/i_0_314/B1->ZN
                         OAI21_X4                rf   2139.4     17.0     17.0      0.0      5.4      2.4     13.2      3    64,  115  /PD_TOP        (1.10)
h_MUL/mult/i_1_27/B->CO  FA_X1                   ff   2221.2     81.8     81.8      0.0     13.1      0.8      3.6      1    64,  115  /PD_TOP        (1.10)
h_MUL/mult/i_1_28/CI->S  FA_X1                   fr   2390.5    169.3    169.3      0.0     15.9      0.7     26.2      1    64,  115  /PD_TOP        (1.10)
h_MUL/mult/i_0_273/A->ZN INV_X8                  rf   2396.1      5.6      5.6      0.0     63.9      0.6      4.7      1    64,  115  /PD_TOP        (1.10)
h_MUL/mult/i_0_271/B1->ZN
                         OAI21_X4                fr   2432.7     36.6     36.6      0.0      3.5      2.4     13.5      3    64,  115  /PD_TOP        (1.10)
h_MUL/mult/i_1_53/B->S   FA_X1                   rf   2569.9    137.2    137.2      0.0     29.1      0.7     26.2      1    64,  115  /PD_TOP        (1.10)
h_MUL/mult/i_0_230/A->ZN INV_X8                  fr   2588.7     18.8     18.8      0.0     39.6      0.6      4.7      1    64,  115  /PD_TOP        (1.10)
h_MUL/mult/i_0_228/B1->ZN
                         OAI21_X4                rf   2605.7     17.0     17.0      0.0      5.4      2.4     13.2      3    64,  115  /PD_TOP        (1.10)
h_MUL/mult/i_1_87/B->CO  FA_X1                   ff   2687.5     81.8     81.8      0.0     13.1      0.8      3.6      1    64,  115  /PD_TOP        (1.10)
h_MUL/mult/i_1_88/CI->CO FA_X1                   ff   2761.7     74.2     74.2      0.0     15.9      0.8      3.6      1    64,  115  /PD_TOP        (1.10)
h_MUL/mult/i_1_89/CI->CO FA_X1                   ff   2835.9     74.2     74.2      0.0     15.9      0.8      3.6      1    64,  115  /PD_TOP        (1.10)
h_MUL/mult/i_1_90/CI->CO FA_X1                   ff   2910.1     74.2     74.2      0.0     15.9      0.8      3.6      1    64,  115  /PD_TOP        (1.10)
h_MUL/mult/i_1_91/CI->S  FA_X1                   fr   3079.4    169.3    169.3      0.0     15.9      0.7     26.2      1    64,  115  /PD_TOP        (1.10)
h_MUL/mult/i_0_203/A->ZN INV_X8                  rf   3085.0      5.6      5.6      0.0     63.9      0.6      4.7      1    64,  115  /PD_TOP        (1.10)
h_MUL/mult/i_0_201/B1->ZN
                         OAI21_X4                fr   3121.2     36.2     36.2      0.0      3.5      2.4     13.2      3    64,  115  /PD_TOP        (1.10)
h_MUL/mult/i_1_111/B->S  FA_X1                   rf   3258.3    137.1    137.1      0.0     28.7      0.7     26.2      1    64,  115  /PD_TOP        (1.10)
h_MUL/mult/i_0_166/A->ZN INV_X8                  fr   3277.1     18.8     18.8      0.0     39.6      0.6      4.7      1    64,  115  /PD_TOP        (1.10)
h_MUL/mult/i_0_164/B1->ZN
                         OAI21_X4                rf   3294.1     17.0     17.0      0.0      5.4      2.4     13.2      3    64,  115  /PD_TOP        (1.10)
h_MUL/mult/i_1_129/B->CO FA_X1                   ff   3375.9     81.8     81.8      0.0     13.1      0.8      3.6      1    64,  115  /PD_TOP        (1.10)
h_MUL/mult/i_1_130/CI->CO
                         FA_X1                   ff   3450.1     74.2     74.2      0.0     15.9      0.8      3.6      1    64,  115  /PD_TOP        (1.10)
h_MUL/mult/i_1_131/CI->S FA_X1                   fr   3619.4    169.3    169.3      0.0     15.9      0.7     26.2      1    64,  115  /PD_TOP        (1.10)
h_MUL/mult/i_0_139/A->ZN INV_X8                  rf   3625.0      5.6      5.6      0.0     63.9      0.6      4.7      1    64,  115  /PD_TOP        (1.10)
h_MUL/mult/i_0_137/B1->ZN
                         OAI21_X4                fr   3661.6     36.6     36.6      0.0      3.5      2.4     13.5      3    64,  115  /PD_TOP        (1.10)
h_MUL/mult/i_1_147/B->S  FA_X1                   rf   3798.8    137.2    137.2      0.0     29.1      0.7     26.2      1    64,  115  /PD_TOP        (1.10)
h_MUL/mult/i_0_105/A->ZN INV_X8                  fr   3817.6     18.8     18.8      0.0     39.6      0.6      4.7      1    64,  115  /PD_TOP        (1.10)
h_MUL/mult/i_0_103/B1->ZN
                         OAI21_X4                rf   3834.6     17.0     17.0      0.0      5.4      2.4     13.2      3    64,  115  /PD_TOP        (1.10)
h_MUL/mult/i_1_154/B->S  FA_X1                   fr   4011.5    176.9    176.9      0.0     13.1      0.7     26.2      1    64,  115  /PD_TOP        (1.10)
h_MUL/mult/i_0_80/A->ZN  INV_X8                  rf   4017.1      5.6      5.6      0.0     63.9      0.6      4.7      1    64,  115  /PD_TOP        (1.10)
h_MUL/mult/i_0_78/B1->ZN OAI21_X4                fr   4057.9     40.8     40.8      0.0      3.5      0.0     16.8      2    64,  115  /PD_TOP        (1.10)
h_MUL/i_0_0_89/B1->ZN    AOI21_X4                rf   4085.4     27.5     26.3      1.2     32.8      2.2     14.2      3   115,  129  /PD_TOP        (1.10)
h_MUL/i_0_0_71/B1->ZN    OAI21_X4                fr   4141.1     55.7     55.7      0.0     11.7      0.6     26.1      1   115,  129  /PD_TOP        (1.10)
h_MUL/i_0_0_70/A->ZN     INV_X8                  rf   4149.2      8.1      8.1      0.0     43.7      1.3      7.3      2   115,  129  /PD_TOP        (1.10)
h_MUL/i_0_0_69/B1->ZN    OAI21_X4*               fr   4215.8     66.6     66.6      0.0      3.8     16.1     51.2      3   115,  129  /PD_TOP        (1.10)
FINAL_RESULT_adder/i_0_161/A1->ZN
                         NOR2_X4                 rf   4230.1     14.3     10.0      4.3     15.3      0.7      4.6      1    61,   61  /PD_TOP        (1.10)
FINAL_RESULT_adder/i_0_160/A->ZN
                         AOI21_X4*               fr   4299.5     69.4     69.4      0.0      5.6      1.4     30.8      2    61,   61  /PD_TOP        (1.10)
FINAL_RESULT_adder/i_0_24/A->ZN
                         INV_X8                  rf   4306.6      7.1      7.1      0.0     15.3      0.7      4.8      1    61,   61  /PD_TOP        (1.10)
FINAL_RESULT_adder/i_0_70/B1->ZN
                         OAI22_X4                fr   4346.1     39.5     39.5      0.0      3.5      1.8      6.7      2    61,   61  /PD_TOP        (1.10)
FINAL_RESULT_adder/i_0_71/B1->ZN
                         OAI221_X2               rf   4383.4     37.3     37.3      0.0     33.2      0.8      4.8      1    61,   61  /PD_TOP        (1.10)
FINAL_RESULT_adder/i_0_73/A->ZN
                         OAI21_X4                fr   4411.7     28.3     28.3      0.0     19.8      1.3      8.9      2    61,   61  /PD_TOP        (1.10)
FINAL_RESULT_adder/cs0/cla2/i_0_12/B->ZN
                         XNOR2_X2                rr   4460.7     49.0     49.0      0.0     23.8      1.3      9.0      2    61,   61  /PD_TOP        (1.10)
FINAL_RESULT_adder/cs0/cla2/i_0_11/B1->ZN
                         OAI21_X4                rf   4483.1     22.4     22.4      0.0     34.3      1.4      8.4      2    61,   61  /PD_TOP        (1.10)
FINAL_RESULT_adder/cs0/cla2/i_0_10/A->ZN
                         AOI21_X4                fr   4551.1     68.0     68.0      0.0     11.1      0.6     26.1      1    61,   61  /PD_TOP        (1.10)
FINAL_RESULT_adder/cs0/cla2/i_0_9/A->ZN
                         INV_X8                  rf   4557.7      6.6      6.6      0.0     47.2      0.6      4.6      1    61,   61  /PD_TOP        (1.10)
FINAL_RESULT_adder/cs0/cla2/i_0_8/A->ZN
                         OAI21_X4                fr   4577.9     20.2     20.2      0.0      3.5      1.3      8.9      2    61,   61  /PD_TOP        (1.10)
FINAL_RESULT_adder/cs0/cla2/i_0_7/A2->ZN
                         NOR2_X4                 rf   4590.8     12.9     12.9      0.0     23.7      0.7      4.6      1    61,   61  /PD_TOP        (1.10)
FINAL_RESULT_adder/cs0/cla2/i_0_6/A->ZN
                         AOI21_X4                fr   4634.4     43.6     43.6      0.0      5.6      1.4      9.1      2    61,   61  /PD_TOP        (1.10)
FINAL_RESULT_adder/cs0/cla2/i_0_0/B1->ZN
                         AOI21_X4                rf   4652.3     17.9     17.9      0.0     27.3      0.7      4.1      1    61,   61  /PD_TOP        (1.10)
FINAL_RESULT_adder/cs0/cla3/i_0_1/B->Z
                         XOR2_X2                 ff   4710.3     58.0     58.0      0.0      7.7      0.7      4.7      1    61,   61  /PD_TOP        (1.10)
i_0_0_435/B1->ZN         AOI21_X4                fr   4738.3     28.0     28.0      0.0     12.8      0.7      4.6      1    61,   61  /PD_TOP        (1.10)
i_0_0_434/A2->ZN         NAND2_X2                rf   4752.4     14.1     14.1      0.0     22.0      0.7      1.8      1    61,   61  /PD_TOP        (1.10)
RAM_DATA_WR_reg[12]/D    DFF_X1                   f   4752.4      0.0               0.0      6.0                             61,   61  /PD_TOP        (1.10)
------------------------------------------------------------------------------------------------------------------------------------------------------------
Report for group I2O
Report for group R2O
------------------------------------------------------------------------------------------------------------------------------------------------------------
Startpoint: RAM_ADD_RD1_reg[12]/Q
    (Clocked by sysclk F)
Endpoint: RAM_ADD_RD1[12]
    (Clocked by vsysclk R)
Path Group: R2O
Data required time: 700.0
    (Clock shift: 1000.0, minus Uncertainty: 0.0, plus Latency 0.0, minus Out delay: 300.0)
Data arrival time: 158.5
Slack: 541.5
Logic depth: 0
------------------------------------------------------------------------------------------------------------------------------------------------------------
                                                     Arrival               Arc      Net               Net    Total   fan-                                   
Path                     Module/Cell           Edge     Time    Delay    Delay    Delay     Slew     Load     Load    out     Location Power Domain      (V)
                                                        (ps)     (ps)     (ps)     (ps)     (ps)     (ff)     (ff)    (#)      (um,um)                      
------------------------------------------------------------------------------------------------------------------------------------------------------------
CLK                      {create_clock}           f      0.0      0.0      0.0                        0.0      0.0      1   103,  172                       
i_0_0_989/A->ZN          INV_X1                  fr      0.0      0.0      0.0      0.0      0.0      0.0      0.0    305    61,   61  /PD_TOP        (1.10)
RAM_ADD_RD1_reg[12]/CK->Q
                         DFF_X1*                 rr    150.1    150.1    150.1      0.0      0.0     23.9     38.2      2    61,   61  /PD_TOP        (1.10)
RAM_ADD_RD1[12]                                   r    158.5      8.4               8.4     15.3                            122,  172                       
------------------------------------------------------------------------------------------------------------------------------------------------------------
